{"/home/travis/build/npmtest/node-npmtest-st/test.js":{"path":"/home/travis/build/npmtest/node-npmtest-st/test.js","s":{"1":2,"2":2,"3":2,"4":2,"5":2,"6":2,"7":2,"8":1,"9":2,"10":2,"11":1,"12":1,"13":1,"14":1,"15":2,"16":2,"17":2,"18":2,"19":1,"20":1,"21":2,"22":2,"23":2,"24":1,"25":1,"26":1,"27":1,"28":1,"29":1,"30":1,"31":1,"32":1,"33":1,"34":1,"35":1,"36":1,"37":1,"38":1,"39":2,"40":2,"41":1,"42":2,"43":2,"44":1,"45":2,"46":2,"47":1,"48":2,"49":2,"50":1,"51":1,"52":1,"53":1,"54":1},"b":{"1":[2,1,1,1],"2":[1,1,1,1],"3":[1,1],"4":[1,1],"5":[1,1],"6":[1,1],"7":[1,1],"8":[1,1],"9":[1,1],"10":[1,1,1],"11":[1,1],"12":[1,1],"13":[1,1],"14":[1,1],"15":[1,1],"16":[1,1],"17":[1,1]},"f":{"1":2,"2":2,"3":2,"4":2,"5":2,"6":1,"7":1,"8":1,"9":2,"10":2,"11":2,"12":2,"13":1},"fnMap":{"1":{"name":"(anonymous_1)","line":12,"loc":{"start":{"line":12,"column":1},"end":{"line":12,"column":13}}},"2":{"name":"(anonymous_2)","line":19,"loc":{"start":{"line":19,"column":5},"end":{"line":19,"column":17}}},"3":{"name":"(anonymous_3)","line":23,"loc":{"start":{"line":23,"column":24},"end":{"line":23,"column":36}}},"4":{"name":"(anonymous_4)","line":61,"loc":{"start":{"line":61,"column":5},"end":{"line":61,"column":17}}},"5":{"name":"(anonymous_5)","line":82,"loc":{"start":{"line":82,"column":5},"end":{"line":82,"column":17}}},"6":{"name":"(anonymous_6)","line":91,"loc":{"start":{"line":91,"column":77},"end":{"line":94,"column":10}}},"7":{"name":"(anonymous_7)","line":112,"loc":{"start":{"line":112,"column":83},"end":{"line":115,"column":10}},"skip":true},"8":{"name":"(anonymous_8)","line":123,"loc":{"start":{"line":123,"column":77},"end":{"line":126,"column":10}},"skip":true},"9":{"name":"(anonymous_9)","line":139,"loc":{"start":{"line":139,"column":12},"end":{"line":139,"column":40}},"skip":true},"10":{"name":"(anonymous_10)","line":147,"loc":{"start":{"line":147,"column":77},"end":{"line":150,"column":10}},"skip":true},"11":{"name":"(anonymous_11)","line":158,"loc":{"start":{"line":158,"column":83},"end":{"line":161,"column":10}},"skip":true},"12":{"name":"(anonymous_12)","line":169,"loc":{"start":{"line":169,"column":79},"end":{"line":172,"column":10}},"skip":true},"13":{"name":"(anonymous_13)","line":180,"loc":{"start":{"line":180,"column":75},"end":{"line":183,"column":10}},"skip":true}},"statementMap":{"1":{"start":{"line":12,"column":0},"end":{"line":195,"column":5}},"2":{"start":{"line":14,"column":4},"end":{"line":14,"column":14}},"3":{"start":{"line":19,"column":4},"end":{"line":56,"column":9}},"4":{"start":{"line":21,"column":8},"end":{"line":21,"column":19}},"5":{"start":{"line":23,"column":8},"end":{"line":35,"column":13}},"6":{"start":{"line":24,"column":12},"end":{"line":34,"column":13}},"7":{"start":{"line":25,"column":16},"end":{"line":28,"column":30}},"8":{"start":{"line":30,"column":16},"end":{"line":33,"column":27}},"9":{"start":{"line":37,"column":8},"end":{"line":39,"column":21}},"10":{"start":{"line":40,"column":8},"end":{"line":53,"column":9}},"11":{"start":{"line":43,"column":12},"end":{"line":46,"column":14}},"12":{"start":{"line":47,"column":12},"end":{"line":47,"column":18}},"13":{"start":{"line":50,"column":12},"end":{"line":51,"column":46}},"14":{"start":{"line":52,"column":12},"end":{"line":52,"column":18}},"15":{"start":{"line":55,"column":8},"end":{"line":55,"column":35}},"16":{"start":{"line":61,"column":4},"end":{"line":63,"column":9}},"17":{"start":{"line":62,"column":8},"end":{"line":62,"column":15}},"18":{"start":{"line":64,"column":4},"end":{"line":77,"column":5}},"19":{"start":{"line":70,"column":8},"end":{"line":70,"column":14}},"20":{"start":{"line":76,"column":8},"end":{"line":76,"column":14}},"21":{"start":{"line":82,"column":4},"end":{"line":84,"column":9}},"22":{"start":{"line":83,"column":8},"end":{"line":83,"column":15}},"23":{"start":{"line":85,"column":4},"end":{"line":194,"column":5}},"24":{"start":{"line":91,"column":8},"end":{"line":99,"column":10}},"25":{"start":{"line":98,"column":12},"end":{"line":98,"column":35}},"26":{"start":{"line":102,"column":8},"end":{"line":104,"column":63}},"27":{"start":{"line":105,"column":8},"end":{"line":105,"column":14}},"28":{"start":{"line":112,"column":8},"end":{"line":121,"column":10},"skip":true},"29":{"start":{"line":119,"column":12},"end":{"line":119,"column":55},"skip":true},"30":{"start":{"line":120,"column":12},"end":{"line":120,"column":48},"skip":true},"31":{"start":{"line":123,"column":8},"end":{"line":136,"column":10},"skip":true},"32":{"start":{"line":130,"column":12},"end":{"line":130,"column":76},"skip":true},"33":{"start":{"line":131,"column":12},"end":{"line":131,"column":73},"skip":true},"34":{"start":{"line":132,"column":12},"end":{"line":132,"column":74},"skip":true},"35":{"start":{"line":133,"column":12},"end":{"line":133,"column":79},"skip":true},"36":{"start":{"line":134,"column":12},"end":{"line":134,"column":25},"skip":true},"37":{"start":{"line":135,"column":12},"end":{"line":135,"column":45},"skip":true},"38":{"start":{"line":138,"column":8},"end":{"line":145,"column":14},"skip":true},"39":{"start":{"line":143,"column":16},"end":{"line":143,"column":29},"skip":true},"40":{"start":{"line":144,"column":16},"end":{"line":144,"column":55},"skip":true},"41":{"start":{"line":147,"column":8},"end":{"line":156,"column":10},"skip":true},"42":{"start":{"line":154,"column":12},"end":{"line":154,"column":25},"skip":true},"43":{"start":{"line":155,"column":12},"end":{"line":155,"column":45},"skip":true},"44":{"start":{"line":158,"column":8},"end":{"line":167,"column":10},"skip":true},"45":{"start":{"line":165,"column":12},"end":{"line":165,"column":25},"skip":true},"46":{"start":{"line":166,"column":12},"end":{"line":166,"column":48},"skip":true},"47":{"start":{"line":169,"column":8},"end":{"line":178,"column":10},"skip":true},"48":{"start":{"line":176,"column":12},"end":{"line":176,"column":25},"skip":true},"49":{"start":{"line":177,"column":12},"end":{"line":177,"column":46},"skip":true},"50":{"start":{"line":180,"column":8},"end":{"line":189,"column":10},"skip":true},"51":{"start":{"line":187,"column":12},"end":{"line":187,"column":94},"skip":true},"52":{"start":{"line":188,"column":12},"end":{"line":188,"column":48},"skip":true},"53":{"start":{"line":192,"column":8},"end":{"line":192,"column":35},"skip":true},"54":{"start":{"line":193,"column":8},"end":{"line":193,"column":14},"skip":true}},"branchMap":{"1":{"line":25,"type":"binary-expr","locations":[{"start":{"line":25,"column":23},"end":{"line":25,"column":62}},{"start":{"line":26,"column":20},"end":{"line":26,"column":70}},{"start":{"line":27,"column":20},"end":{"line":27,"column":71}},{"start":{"line":28,"column":20},"end":{"line":28,"column":29}}]},"2":{"line":30,"type":"binary-expr","locations":[{"start":{"line":30,"column":23},"end":{"line":30,"column":37}},{"start":{"line":31,"column":20},"end":{"line":31,"column":61}},{"start":{"line":32,"column":20},"end":{"line":32,"column":70}},{"start":{"line":33,"column":20},"end":{"line":33,"column":26}}]},"3":{"line":37,"type":"cond-expr","locations":[{"start":{"line":38,"column":14},"end":{"line":38,"column":20}},{"start":{"line":39,"column":14},"end":{"line":39,"column":20}}]},"4":{"line":40,"type":"switch","locations":[{"start":{"line":42,"column":8},"end":{"line":47,"column":18}},{"start":{"line":49,"column":8},"end":{"line":52,"column":18}}]},"5":{"line":44,"type":"binary-expr","locations":[{"start":{"line":44,"column":16},"end":{"line":44,"column":44}},{"start":{"line":44,"column":48},"end":{"line":44,"column":66}}]},"6":{"line":50,"type":"binary-expr","locations":[{"start":{"line":50,"column":21},"end":{"line":50,"column":49}},{"start":{"line":50,"column":53},"end":{"line":50,"column":72}}]},"7":{"line":64,"type":"switch","locations":[{"start":{"line":69,"column":4},"end":{"line":70,"column":14}},{"start":{"line":75,"column":4},"end":{"line":76,"column":14}}]},"8":{"line":85,"type":"switch","locations":[{"start":{"line":90,"column":4},"end":{"line":105,"column":14}},{"start":{"line":111,"column":4},"end":{"line":193,"column":14},"skip":true}]},"9":{"line":91,"type":"binary-expr","locations":[{"start":{"line":91,"column":42},"end":{"line":91,"column":73}},{"start":{"line":91,"column":77},"end":{"line":99,"column":9}}]},"10":{"line":102,"type":"binary-expr","locations":[{"start":{"line":102,"column":18},"end":{"line":102,"column":32}},{"start":{"line":103,"column":12},"end":{"line":103,"column":53}},{"start":{"line":104,"column":12},"end":{"line":104,"column":61}}]},"11":{"line":112,"type":"binary-expr","locations":[{"start":{"line":112,"column":45},"end":{"line":112,"column":79},"skip":true},{"start":{"line":112,"column":83},"end":{"line":121,"column":9},"skip":true}]},"12":{"line":123,"type":"binary-expr","locations":[{"start":{"line":123,"column":42},"end":{"line":123,"column":73},"skip":true},{"start":{"line":123,"column":77},"end":{"line":136,"column":9},"skip":true}]},"13":{"line":138,"type":"binary-expr","locations":[{"start":{"line":138,"column":48},"end":{"line":138,"column":85},"skip":true},{"start":{"line":139,"column":12},"end":{"line":145,"column":13},"skip":true}]},"14":{"line":147,"type":"binary-expr","locations":[{"start":{"line":147,"column":42},"end":{"line":147,"column":73},"skip":true},{"start":{"line":147,"column":77},"end":{"line":156,"column":9},"skip":true}]},"15":{"line":158,"type":"binary-expr","locations":[{"start":{"line":158,"column":45},"end":{"line":158,"column":79},"skip":true},{"start":{"line":158,"column":83},"end":{"line":167,"column":9},"skip":true}]},"16":{"line":169,"type":"binary-expr","locations":[{"start":{"line":169,"column":43},"end":{"line":169,"column":75},"skip":true},{"start":{"line":169,"column":79},"end":{"line":178,"column":9},"skip":true}]},"17":{"line":180,"type":"binary-expr","locations":[{"start":{"line":180,"column":41},"end":{"line":180,"column":71},"skip":true},{"start":{"line":180,"column":75},"end":{"line":189,"column":9},"skip":true}]}},"code":["/* istanbul instrument in package npmtest_st */","/*jslint","    bitwise: true,","    browser: true,","    maxerr: 8,","    maxlen: 96,","    node: true,","    nomen: true,","    regexp: true,","    stupid: true","*/","(function () {","    'use strict';","    var local;","","","","    // run shared js-env code - pre-init","    (function () {","        // init local","        local = {};","        // init modeJs","        local.modeJs = (function () {","            try {","                return typeof navigator.userAgent === 'string' &&","                    typeof document.querySelector('body') === 'object' &&","                    typeof XMLHttpRequest.prototype.open === 'function' &&","                    'browser';","            } catch (errorCaughtBrowser) {","                return module.exports &&","                    typeof process.versions.node === 'string' &&","                    typeof require('http').createServer === 'function' &&","                    'node';","            }","        }());","        // init global","        local.global = local.modeJs === 'browser'","            ? window","            : global;","        switch (local.modeJs) {","        // re-init local from window.local","        case 'browser':","            local = local.global.utility2.objectSetDefault(","                local.global.utility2_rollup || local.global.local,","                local.global.utility2","            );","            break;","        // re-init local from example.js","        case 'node':","            local = (local.global.utility2_rollup || require('utility2'))","                .requireExampleJsFromReadme();","            break;","        }","        // export local","        local.global.local = local;","    }());","","","","    // run shared js-env code - function","    (function () {","        return;","    }());","    switch (local.modeJs) {","","","","    // run browser js-env code - function","    case 'browser':","        break;","","","","    // run node js-env code - function","    case 'node':","        break;","    }","","","","    // run shared js-env code - post-init","    (function () {","        return;","    }());","    switch (local.modeJs) {","","","","    // run browser js-env code - post-init","    case 'browser':","        local.testCase_browser_nullCase = local.testCase_browser_nullCase || function (","            options,","            onError","        ) {","        /*","         * this function will test browsers's null-case handling-behavior-behavior","         */","            onError(null, options);","        };","","        // run tests","        local.nop(local.modeTest &&","            document.querySelector('#testRunButton1') &&","            document.querySelector('#testRunButton1').click());","        break;","","","","    // run node js-env code - post-init","    /* istanbul ignore next */","    case 'node':","        local.testCase_buildApidoc_default = local.testCase_buildApidoc_default || function (","            options,","            onError","        ) {","        /*","         * this function will test buildApidoc's default handling-behavior-behavior","         */","            options = { modulePathList: module.paths };","            local.buildApidoc(options, onError);","        };","","        local.testCase_buildApp_default = local.testCase_buildApp_default || function (","            options,","            onError","        ) {","        /*","         * this function will test buildApp's default handling-behavior-behavior","         */","            local.testCase_buildReadme_default(options, local.onErrorThrow);","            local.testCase_buildLib_default(options, local.onErrorThrow);","            local.testCase_buildTest_default(options, local.onErrorThrow);","            local.testCase_buildCustomOrg_default(options, local.onErrorThrow);","            options = [];","            local.buildApp(options, onError);","        };","","        local.testCase_buildCustomOrg_default = local.testCase_buildCustomOrg_default ||","            function (options, onError) {","            /*","             * this function will test buildCustomOrg's default handling-behavior","             */","                options = {};","                local.buildCustomOrg(options, onError);","            };","","        local.testCase_buildLib_default = local.testCase_buildLib_default || function (","            options,","            onError","        ) {","        /*","         * this function will test buildLib's default handling-behavior","         */","            options = {};","            local.buildLib(options, onError);","        };","","        local.testCase_buildReadme_default = local.testCase_buildReadme_default || function (","            options,","            onError","        ) {","        /*","         * this function will test buildReadme's default handling-behavior-behavior","         */","            options = {};","            local.buildReadme(options, onError);","        };","","        local.testCase_buildTest_default = local.testCase_buildTest_default || function (","            options,","            onError","        ) {","        /*","         * this function will test buildTest's default handling-behavior","         */","            options = {};","            local.buildTest(options, onError);","        };","","        local.testCase_webpage_default = local.testCase_webpage_default || function (","            options,","            onError","        ) {","        /*","         * this function will test webpage's default handling-behavior","         */","            options = { modeCoverageMerge: true, url: local.serverLocalHost + '?modeTest=1' };","            local.browserTest(options, onError);","        };","","        // run test-server","        local.testRunServer(local);","        break;","    }","}());",""],"l":{"12":2,"14":2,"19":2,"21":2,"23":2,"24":2,"25":2,"30":1,"37":2,"40":2,"43":1,"47":1,"50":1,"52":1,"55":2,"61":2,"62":2,"64":2,"70":1,"76":1,"82":2,"83":2,"85":2,"91":1,"98":1,"102":1,"105":1,"112":1,"119":1,"120":1,"123":1,"130":1,"131":1,"132":1,"133":1,"134":1,"135":1,"138":1,"143":2,"144":2,"147":1,"154":2,"155":2,"158":1,"165":2,"166":2,"169":1,"176":2,"177":2,"180":1,"187":1,"188":1,"192":1,"193":1}},"/home/travis/build/npmtest/node-npmtest-st/lib.npmtest_st.js":{"path":"/home/travis/build/npmtest/node-npmtest-st/lib.npmtest_st.js","s":{"1":2,"2":2,"3":2,"4":2,"5":2,"6":2,"7":2,"8":1,"9":2,"10":2,"11":2,"12":2,"13":1,"14":1,"15":1,"16":1},"b":{"1":[2,1,1,1],"2":[1,1,1,1],"3":[1,1],"4":[2,2],"5":[1,1]},"f":{"1":2,"2":2,"3":2},"fnMap":{"1":{"name":"(anonymous_1)","line":12,"loc":{"start":{"line":12,"column":1},"end":{"line":12,"column":13}}},"2":{"name":"(anonymous_2)","line":19,"loc":{"start":{"line":19,"column":5},"end":{"line":19,"column":17}}},"3":{"name":"(anonymous_3)","line":23,"loc":{"start":{"line":23,"column":24},"end":{"line":23,"column":36}}}},"statementMap":{"1":{"start":{"line":12,"column":0},"end":{"line":53,"column":5}},"2":{"start":{"line":14,"column":4},"end":{"line":14,"column":14}},"3":{"start":{"line":19,"column":4},"end":{"line":52,"column":9}},"4":{"start":{"line":21,"column":8},"end":{"line":21,"column":19}},"5":{"start":{"line":23,"column":8},"end":{"line":35,"column":13}},"6":{"start":{"line":24,"column":12},"end":{"line":34,"column":13}},"7":{"start":{"line":25,"column":16},"end":{"line":28,"column":30}},"8":{"start":{"line":30,"column":16},"end":{"line":33,"column":27}},"9":{"start":{"line":37,"column":8},"end":{"line":39,"column":21}},"10":{"start":{"line":41,"column":8},"end":{"line":41,"column":54}},"11":{"start":{"line":43,"column":8},"end":{"line":43,"column":47}},"12":{"start":{"line":45,"column":8},"end":{"line":51,"column":9}},"13":{"start":{"line":46,"column":12},"end":{"line":46,"column":53}},"14":{"start":{"line":48,"column":12},"end":{"line":48,"column":35}},"15":{"start":{"line":49,"column":12},"end":{"line":49,"column":49}},"16":{"start":{"line":50,"column":12},"end":{"line":50,"column":43}}},"branchMap":{"1":{"line":25,"type":"binary-expr","locations":[{"start":{"line":25,"column":23},"end":{"line":25,"column":62}},{"start":{"line":26,"column":20},"end":{"line":26,"column":70}},{"start":{"line":27,"column":20},"end":{"line":27,"column":71}},{"start":{"line":28,"column":20},"end":{"line":28,"column":29}}]},"2":{"line":30,"type":"binary-expr","locations":[{"start":{"line":30,"column":23},"end":{"line":30,"column":37}},{"start":{"line":31,"column":20},"end":{"line":31,"column":61}},{"start":{"line":32,"column":20},"end":{"line":32,"column":70}},{"start":{"line":33,"column":20},"end":{"line":33,"column":26}}]},"3":{"line":37,"type":"cond-expr","locations":[{"start":{"line":38,"column":14},"end":{"line":38,"column":20}},{"start":{"line":39,"column":14},"end":{"line":39,"column":20}}]},"4":{"line":41,"type":"binary-expr","locations":[{"start":{"line":41,"column":16},"end":{"line":41,"column":44}},{"start":{"line":41,"column":48},"end":{"line":41,"column":53}}]},"5":{"line":45,"type":"if","locations":[{"start":{"line":45,"column":8},"end":{"line":45,"column":8}},{"start":{"line":45,"column":8},"end":{"line":45,"column":8}}]}},"code":["/* istanbul instrument in package npmtest_st */","/*jslint","    bitwise: true,","    browser: true,","    maxerr: 8,","    maxlen: 96,","    node: true,","    nomen: true,","    regexp: true,","    stupid: true","*/","(function () {","    'use strict';","    var local;","","","","    // run shared js-env code - pre-init","    (function () {","        // init local","        local = {};","        // init modeJs","        local.modeJs = (function () {","            try {","                return typeof navigator.userAgent === 'string' &&","                    typeof document.querySelector('body') === 'object' &&","                    typeof XMLHttpRequest.prototype.open === 'function' &&","                    'browser';","            } catch (errorCaughtBrowser) {","                return module.exports &&","                    typeof process.versions.node === 'string' &&","                    typeof require('http').createServer === 'function' &&","                    'node';","            }","        }());","        // init global","        local.global = local.modeJs === 'browser'","            ? window","            : global;","        // init utility2_rollup","        local = local.global.utility2_rollup || local;","        // init lib","        local.local = local.npmtest_st = local;","        // init exports","        if (local.modeJs === 'browser') {","            local.global.utility2_npmtest_st = local;","        } else {","            module.exports = local;","            module.exports.__dirname = __dirname;","            module.exports.module = module;","        }","    }());","}());",""],"l":{"12":2,"14":2,"19":2,"21":2,"23":2,"24":2,"25":2,"30":1,"37":2,"41":2,"43":2,"45":2,"46":1,"48":1,"49":1,"50":1}},"/home/travis/build/npmtest/node-npmtest-st/example.js":{"path":"/home/travis/build/npmtest/node-npmtest-st/example.js","s":{"1":2,"2":2,"3":2,"4":2,"5":2,"6":2,"7":2,"8":1,"9":2,"10":2,"11":2,"12":2,"13":1,"14":2,"15":2,"16":2,"17":2,"18":2,"19":0,"20":2,"21":1,"22":1,"23":1,"24":1,"25":1,"26":0,"27":0,"28":1,"29":1,"30":2,"31":0,"32":0,"33":0,"34":1,"35":2,"36":2,"37":3,"38":3,"39":3,"40":3,"41":0,"42":3,"43":3,"44":3,"45":1,"46":3,"47":1,"48":1,"49":1,"50":1,"51":1,"52":1,"53":1,"54":1,"55":1,"56":1,"57":0,"58":1,"59":6,"60":6,"61":1,"62":2,"63":0,"64":2,"65":1,"66":1,"67":0,"68":0,"69":0,"70":0,"71":0,"72":0,"73":0,"74":0,"75":0,"76":0,"77":0,"78":0,"79":0,"80":0,"81":0,"82":0,"83":0},"b":{"1":[2,1,1,1],"2":[1,1,1,1],"3":[1,1],"4":[2,2],"5":[1,1],"6":[1,1],"7":[2,0],"8":[2,1,1,1,1,1],"9":[0,2,0],"10":[1,1],"11":[2,1,1],"12":[1,0],"13":[0,2],"14":[2,0,0,0,0,0,0],"15":[0,3],"16":[3,0],"17":[1,1],"18":[0,1],"19":[1,2,0,2],"20":[1,0],"21":[1,1],"22":[0,0],"23":[0,0],"24":[0,0],"25":[0,0],"26":[0,0],"27":[0,0],"28":[0,0]},"f":{"1":2,"2":2,"3":2,"4":2,"5":2,"6":2,"7":3,"8":3,"9":3,"10":1,"11":6,"12":0},"fnMap":{"1":{"name":"(anonymous_1)","line":26,"loc":{"start":{"line":26,"column":1},"end":{"line":26,"column":13}}},"2":{"name":"(anonymous_2)","line":33,"loc":{"start":{"line":33,"column":5},"end":{"line":33,"column":17}}},"3":{"name":"(anonymous_3)","line":37,"loc":{"start":{"line":37,"column":24},"end":{"line":37,"column":36}}},"4":{"name":"(anonymous_4)","line":69,"loc":{"start":{"line":69,"column":31},"end":{"line":69,"column":48}},"skip":true},"5":{"name":"(anonymous_5)","line":78,"loc":{"start":{"line":78,"column":26},"end":{"line":78,"column":45}},"skip":true},"6":{"name":"(anonymous_6)","line":123,"loc":{"start":{"line":123,"column":33},"end":{"line":123,"column":48}},"skip":true},"7":{"name":"(anonymous_7)","line":125,"loc":{"start":{"line":125,"column":27},"end":{"line":125,"column":39}},"skip":true},"8":{"name":"(anonymous_8)","line":133,"loc":{"start":{"line":133,"column":59},"end":{"line":133,"column":74}},"skip":true},"9":{"name":"(anonymous_9)","line":143,"loc":{"start":{"line":143,"column":45},"end":{"line":143,"column":62}},"skip":true},"10":{"name":"(anonymous_10)","line":144,"loc":{"start":{"line":144,"column":73},"end":{"line":144,"column":92}},"skip":true},"11":{"name":"(anonymous_11)","line":272,"loc":{"start":{"line":272,"column":51},"end":{"line":272,"column":77}},"skip":true},"12":{"name":"(anonymous_12)","line":315,"loc":{"start":{"line":315,"column":32},"end":{"line":315,"column":61}},"skip":true}},"statementMap":{"1":{"start":{"line":26,"column":0},"end":{"line":326,"column":5}},"2":{"start":{"line":28,"column":4},"end":{"line":28,"column":14}},"3":{"start":{"line":33,"column":4},"end":{"line":60,"column":9}},"4":{"start":{"line":35,"column":8},"end":{"line":35,"column":19}},"5":{"start":{"line":37,"column":8},"end":{"line":49,"column":13}},"6":{"start":{"line":38,"column":12},"end":{"line":48,"column":13}},"7":{"start":{"line":39,"column":16},"end":{"line":42,"column":30}},"8":{"start":{"line":44,"column":16},"end":{"line":47,"column":27}},"9":{"start":{"line":51,"column":8},"end":{"line":53,"column":21}},"10":{"start":{"line":55,"column":8},"end":{"line":57,"column":45}},"11":{"start":{"line":59,"column":8},"end":{"line":59,"column":35}},"12":{"start":{"line":61,"column":4},"end":{"line":325,"column":5}},"13":{"start":{"line":69,"column":8},"end":{"line":121,"column":10},"skip":true},"14":{"start":{"line":70,"column":12},"end":{"line":88,"column":13},"skip":true},"15":{"start":{"line":76,"column":16},"end":{"line":87,"column":19},"skip":true},"16":{"start":{"line":79,"column":20},"end":{"line":86,"column":21},"skip":true},"17":{"start":{"line":82,"column":24},"end":{"line":82,"column":43},"skip":true},"18":{"start":{"line":83,"column":24},"end":{"line":83,"column":30},"skip":true},"19":{"start":{"line":85,"column":24},"end":{"line":85,"column":49},"skip":true},"20":{"start":{"line":89,"column":12},"end":{"line":107,"column":13},"skip":true},"21":{"start":{"line":92,"column":16},"end":{"line":102,"column":17},"skip":true},"22":{"start":{"line":93,"column":20},"end":{"line":93,"column":86},"skip":true},"23":{"start":{"line":94,"column":20},"end":{"line":95,"column":45},"skip":true},"24":{"start":{"line":96,"column":20},"end":{"line":96,"column":42},"skip":true},"25":{"start":{"line":97,"column":20},"end":{"line":97,"column":48},"skip":true},"26":{"start":{"line":100,"column":20},"end":{"line":100,"column":85},"skip":true},"27":{"start":{"line":101,"column":20},"end":{"line":101,"column":96},"skip":true},"28":{"start":{"line":103,"column":16},"end":{"line":103,"column":22},"skip":true},"29":{"start":{"line":106,"column":16},"end":{"line":106,"column":22},"skip":true},"30":{"start":{"line":108,"column":12},"end":{"line":120,"column":13},"skip":true},"31":{"start":{"line":114,"column":16},"end":{"line":119,"column":17},"skip":true},"32":{"start":{"line":116,"column":20},"end":{"line":116,"column":78},"skip":true},"33":{"start":{"line":118,"column":20},"end":{"line":118,"column":47},"skip":true},"34":{"start":{"line":123,"column":8},"end":{"line":141,"column":11},"skip":true},"35":{"start":{"line":124,"column":12},"end":{"line":124,"column":54},"skip":true},"36":{"start":{"line":125,"column":12},"end":{"line":140,"column":14},"skip":true},"37":{"start":{"line":126,"column":16},"end":{"line":126,"column":28},"skip":true},"38":{"start":{"line":127,"column":16},"end":{"line":127,"column":69},"skip":true},"39":{"start":{"line":128,"column":16},"end":{"line":128,"column":75},"skip":true},"40":{"start":{"line":129,"column":16},"end":{"line":131,"column":17},"skip":true},"41":{"start":{"line":130,"column":20},"end":{"line":130,"column":27},"skip":true},"42":{"start":{"line":133,"column":16},"end":{"line":137,"column":36},"skip":true},"43":{"start":{"line":134,"column":20},"end":{"line":136,"column":55},"skip":true},"44":{"start":{"line":139,"column":16},"end":{"line":139,"column":57},"skip":true},"45":{"start":{"line":143,"column":8},"end":{"line":147,"column":11},"skip":true},"46":{"start":{"line":144,"column":12},"end":{"line":146,"column":15},"skip":true},"47":{"start":{"line":145,"column":16},"end":{"line":145,"column":70},"skip":true},"48":{"start":{"line":149,"column":8},"end":{"line":149,"column":31},"skip":true},"49":{"start":{"line":150,"column":8},"end":{"line":150,"column":14},"skip":true},"50":{"start":{"line":158,"column":8},"end":{"line":158,"column":31},"skip":true},"51":{"start":{"line":160,"column":8},"end":{"line":160,"column":33},"skip":true},"52":{"start":{"line":161,"column":8},"end":{"line":161,"column":37},"skip":true},"53":{"start":{"line":162,"column":8},"end":{"line":162,"column":35},"skip":true},"54":{"start":{"line":164,"column":8},"end":{"line":164,"column":50},"skip":true},"55":{"start":{"line":166,"column":8},"end":{"line":256,"column":2},"skip":true},"56":{"start":{"line":258,"column":8},"end":{"line":286,"column":9},"skip":true},"57":{"start":{"line":259,"column":12},"end":{"line":269,"column":14},"skip":true},"58":{"start":{"line":271,"column":12},"end":{"line":285,"column":19},"skip":true},"59":{"start":{"line":274,"column":20},"end":{"line":274,"column":35},"skip":true},"60":{"start":{"line":275,"column":20},"end":{"line":284,"column":21},"skip":true},"61":{"start":{"line":277,"column":24},"end":{"line":277,"column":64},"skip":true},"62":{"start":{"line":279,"column":24},"end":{"line":279,"column":40},"skip":true},"63":{"start":{"line":281,"column":24},"end":{"line":281,"column":40},"skip":true},"64":{"start":{"line":283,"column":24},"end":{"line":283,"column":39},"skip":true},"65":{"start":{"line":288,"column":8},"end":{"line":290,"column":9},"skip":true},"66":{"start":{"line":289,"column":12},"end":{"line":289,"column":18},"skip":true},"67":{"start":{"line":291,"column":8},"end":{"line":293,"column":54},"skip":true},"68":{"start":{"line":296,"column":8},"end":{"line":301,"column":37},"skip":true},"69":{"start":{"line":303,"column":8},"end":{"line":303,"column":82},"skip":true},"70":{"start":{"line":306,"column":8},"end":{"line":308,"column":9},"skip":true},"71":{"start":{"line":307,"column":12},"end":{"line":307,"column":82},"skip":true},"72":{"start":{"line":310,"column":8},"end":{"line":312,"column":9},"skip":true},"73":{"start":{"line":311,"column":12},"end":{"line":311,"column":18},"skip":true},"74":{"start":{"line":313,"column":8},"end":{"line":313,"column":54},"skip":true},"75":{"start":{"line":314,"column":8},"end":{"line":314,"column":69},"skip":true},"76":{"start":{"line":315,"column":8},"end":{"line":323,"column":36},"skip":true},"77":{"start":{"line":316,"column":12},"end":{"line":316,"column":61},"skip":true},"78":{"start":{"line":317,"column":12},"end":{"line":320,"column":13},"skip":true},"79":{"start":{"line":318,"column":16},"end":{"line":318,"column":75},"skip":true},"80":{"start":{"line":319,"column":16},"end":{"line":319,"column":23},"skip":true},"81":{"start":{"line":321,"column":12},"end":{"line":321,"column":38},"skip":true},"82":{"start":{"line":322,"column":12},"end":{"line":322,"column":27},"skip":true},"83":{"start":{"line":324,"column":8},"end":{"line":324,"column":14},"skip":true}},"branchMap":{"1":{"line":39,"type":"binary-expr","locations":[{"start":{"line":39,"column":23},"end":{"line":39,"column":62}},{"start":{"line":40,"column":20},"end":{"line":40,"column":70}},{"start":{"line":41,"column":20},"end":{"line":41,"column":71}},{"start":{"line":42,"column":20},"end":{"line":42,"column":29}}]},"2":{"line":44,"type":"binary-expr","locations":[{"start":{"line":44,"column":23},"end":{"line":44,"column":37}},{"start":{"line":45,"column":20},"end":{"line":45,"column":61}},{"start":{"line":46,"column":20},"end":{"line":46,"column":70}},{"start":{"line":47,"column":20},"end":{"line":47,"column":26}}]},"3":{"line":51,"type":"cond-expr","locations":[{"start":{"line":52,"column":14},"end":{"line":52,"column":20}},{"start":{"line":53,"column":14},"end":{"line":53,"column":20}}]},"4":{"line":55,"type":"binary-expr","locations":[{"start":{"line":55,"column":16},"end":{"line":55,"column":44}},{"start":{"line":55,"column":49},"end":{"line":57,"column":43}}]},"5":{"line":55,"type":"cond-expr","locations":[{"start":{"line":56,"column":14},"end":{"line":56,"column":46}},{"start":{"line":57,"column":14},"end":{"line":57,"column":43}}]},"6":{"line":61,"type":"switch","locations":[{"start":{"line":68,"column":4},"end":{"line":150,"column":14},"skip":true},{"start":{"line":156,"column":4},"end":{"line":324,"column":14},"skip":true}]},"7":{"line":70,"type":"if","locations":[{"start":{"line":70,"column":12},"end":{"line":70,"column":12},"skip":true},{"start":{"line":70,"column":12},"end":{"line":70,"column":12},"skip":true}]},"8":{"line":70,"type":"binary-expr","locations":[{"start":{"line":70,"column":16},"end":{"line":70,"column":22},"skip":true},{"start":{"line":70,"column":27},"end":{"line":70,"column":32},"skip":true},{"start":{"line":71,"column":20},"end":{"line":71,"column":39},"skip":true},{"start":{"line":72,"column":20},"end":{"line":72,"column":49},"skip":true},{"start":{"line":73,"column":20},"end":{"line":73,"column":58},"skip":true},{"start":{"line":74,"column":20},"end":{"line":74,"column":69},"skip":true}]},"9":{"line":79,"type":"switch","locations":[{"start":{"line":80,"column":20},"end":{"line":80,"column":33},"skip":true},{"start":{"line":81,"column":20},"end":{"line":83,"column":30},"skip":true},{"start":{"line":84,"column":20},"end":{"line":85,"column":49},"skip":true}]},"10":{"line":89,"type":"switch","locations":[{"start":{"line":90,"column":12},"end":{"line":103,"column":22},"skip":true},{"start":{"line":105,"column":12},"end":{"line":106,"column":22},"skip":true}]},"11":{"line":89,"type":"binary-expr","locations":[{"start":{"line":89,"column":20},"end":{"line":89,"column":25},"skip":true},{"start":{"line":89,"column":29},"end":{"line":89,"column":48},"skip":true},{"start":{"line":89,"column":52},"end":{"line":89,"column":74},"skip":true}]},"12":{"line":92,"type":"if","locations":[{"start":{"line":92,"column":16},"end":{"line":92,"column":16},"skip":true},{"start":{"line":92,"column":16},"end":{"line":92,"column":16},"skip":true}]},"13":{"line":108,"type":"if","locations":[{"start":{"line":108,"column":12},"end":{"line":108,"column":12},"skip":true},{"start":{"line":108,"column":12},"end":{"line":108,"column":12},"skip":true}]},"14":{"line":108,"type":"binary-expr","locations":[{"start":{"line":108,"column":16},"end":{"line":108,"column":61},"skip":true},{"start":{"line":108,"column":66},"end":{"line":108,"column":72},"skip":true},{"start":{"line":108,"column":77},"end":{"line":108,"column":82},"skip":true},{"start":{"line":109,"column":20},"end":{"line":109,"column":39},"skip":true},{"start":{"line":110,"column":20},"end":{"line":110,"column":49},"skip":true},{"start":{"line":111,"column":20},"end":{"line":111,"column":58},"skip":true},{"start":{"line":112,"column":20},"end":{"line":112,"column":68},"skip":true}]},"15":{"line":129,"type":"if","locations":[{"start":{"line":129,"column":16},"end":{"line":129,"column":16},"skip":true},{"start":{"line":129,"column":16},"end":{"line":129,"column":16},"skip":true}]},"16":{"line":134,"type":"cond-expr","locations":[{"start":{"line":135,"column":26},"end":{"line":135,"column":29},"skip":true},{"start":{"line":136,"column":26},"end":{"line":136,"column":54},"skip":true}]},"17":{"line":164,"type":"binary-expr","locations":[{"start":{"line":164,"column":27},"end":{"line":164,"column":43},"skip":true},{"start":{"line":164,"column":47},"end":{"line":164,"column":49},"skip":true}]},"18":{"line":258,"type":"if","locations":[{"start":{"line":258,"column":8},"end":{"line":258,"column":8},"skip":true},{"start":{"line":258,"column":8},"end":{"line":258,"column":8},"skip":true}]},"19":{"line":275,"type":"switch","locations":[{"start":{"line":276,"column":20},"end":{"line":277,"column":64},"skip":true},{"start":{"line":278,"column":20},"end":{"line":279,"column":40},"skip":true},{"start":{"line":280,"column":20},"end":{"line":281,"column":40},"skip":true},{"start":{"line":282,"column":20},"end":{"line":283,"column":39},"skip":true}]},"20":{"line":288,"type":"if","locations":[{"start":{"line":288,"column":8},"end":{"line":288,"column":8},"skip":true},{"start":{"line":288,"column":8},"end":{"line":288,"column":8},"skip":true}]},"21":{"line":288,"type":"binary-expr","locations":[{"start":{"line":288,"column":12},"end":{"line":288,"column":40},"skip":true},{"start":{"line":288,"column":44},"end":{"line":288,"column":67},"skip":true}]},"22":{"line":292,"type":"binary-expr","locations":[{"start":{"line":292,"column":12},"end":{"line":292,"column":50},"skip":true},{"start":{"line":293,"column":12},"end":{"line":293,"column":53},"skip":true}]},"23":{"line":297,"type":"binary-expr","locations":[{"start":{"line":297,"column":12},"end":{"line":297,"column":60},"skip":true},{"start":{"line":298,"column":12},"end":{"line":301,"column":36},"skip":true}]},"24":{"line":303,"type":"binary-expr","locations":[{"start":{"line":303,"column":43},"end":{"line":303,"column":75},"skip":true},{"start":{"line":303,"column":79},"end":{"line":303,"column":81},"skip":true}]},"25":{"line":306,"type":"if","locations":[{"start":{"line":306,"column":8},"end":{"line":306,"column":8},"skip":true},{"start":{"line":306,"column":8},"end":{"line":306,"column":8},"skip":true}]},"26":{"line":310,"type":"if","locations":[{"start":{"line":310,"column":8},"end":{"line":310,"column":8},"skip":true},{"start":{"line":310,"column":8},"end":{"line":310,"column":8},"skip":true}]},"27":{"line":313,"type":"binary-expr","locations":[{"start":{"line":313,"column":27},"end":{"line":313,"column":43},"skip":true},{"start":{"line":313,"column":47},"end":{"line":313,"column":53},"skip":true}]},"28":{"line":317,"type":"if","locations":[{"start":{"line":317,"column":12},"end":{"line":317,"column":12},"skip":true},{"start":{"line":317,"column":12},"end":{"line":317,"column":12},"skip":true}]}},"code":["/*","example.js","","quickstart example","","instruction","    1. save this script as example.js","    2. run the shell command:","        $ npm install npmtest-st && PORT=8081 node example.js","    3. play with the browser-demo on http://127.0.0.1:8081","*/","","","","/* istanbul instrument in package npmtest_st */","/*jslint","    bitwise: true,","    browser: true,","    maxerr: 8,","    maxlen: 96,","    node: true,","    nomen: true,","    regexp: true,","    stupid: true","*/","(function () {","    'use strict';","    var local;","","","","    // run shared js-env code - pre-init","    (function () {","        // init local","        local = {};","        // init modeJs","        local.modeJs = (function () {","            try {","                return typeof navigator.userAgent === 'string' &&","                    typeof document.querySelector('body') === 'object' &&","                    typeof XMLHttpRequest.prototype.open === 'function' &&","                    'browser';","            } catch (errorCaughtBrowser) {","                return module.exports &&","                    typeof process.versions.node === 'string' &&","                    typeof require('http').createServer === 'function' &&","                    'node';","            }","        }());","        // init global","        local.global = local.modeJs === 'browser'","            ? window","            : global;","        // init utility2_rollup","        local = local.global.utility2_rollup || (local.modeJs === 'browser'","            ? local.global.utility2_npmtest_st","            : global.utility2_moduleExports);","        // export local","        local.global.local = local;","    }());","    switch (local.modeJs) {","","","","    // post-init","    // run browser js-env code - post-init","    /* istanbul ignore next */","    case 'browser':","        local.testRunBrowser = function (event) {","            if (!event || (event &&","                    event.currentTarget &&","                    event.currentTarget.className &&","                    event.currentTarget.className.includes &&","                    event.currentTarget.className.includes('onreset'))) {","                // reset output","                Array.from(","                    document.querySelectorAll('body > .resettable')","                ).forEach(function (element) {","                    switch (element.tagName) {","                    case 'INPUT':","                    case 'TEXTAREA':","                        element.value = '';","                        break;","                    default:","                        element.textContent = '';","                    }","                });","            }","            switch (event && event.currentTarget && event.currentTarget.id) {","            case 'testRunButton1':","                // show tests","                if (document.querySelector('#testReportDiv1').style.display === 'none') {","                    document.querySelector('#testReportDiv1').style.display = 'block';","                    document.querySelector('#testRunButton1').textContent =","                        'hide internal test';","                    local.modeTest = true;","                    local.testRunDefault(local);","                // hide tests","                } else {","                    document.querySelector('#testReportDiv1').style.display = 'none';","                    document.querySelector('#testRunButton1').textContent = 'run internal test';","                }","                break;","            // custom-case","            default:","                break;","            }","            if (document.querySelector('#inputTextareaEval1') && (!event || (event &&","                    event.currentTarget &&","                    event.currentTarget.className &&","                    event.currentTarget.className.includes &&","                    event.currentTarget.className.includes('oneval')))) {","                // try to eval input-code","                try {","                    /*jslint evil: true*/","                    eval(document.querySelector('#inputTextareaEval1').value);","                } catch (errorCaught) {","                    console.error(errorCaught);","                }","            }","        };","        // log stderr and stdout to #outputTextareaStdout1","        ['error', 'log'].forEach(function (key) {","            console[key + '_original'] = console[key];","            console[key] = function () {","                var element;","                console[key + '_original'].apply(console, arguments);","                element = document.querySelector('#outputTextareaStdout1');","                if (!element) {","                    return;","                }","                // append text to #outputTextareaStdout1","                element.value += Array.from(arguments).map(function (arg) {","                    return typeof arg === 'string'","                        ? arg","                        : JSON.stringify(arg, null, 4);","                }).join(' ') + '\\n';","                // scroll textarea to bottom","                element.scrollTop = element.scrollHeight;","            };","        });","        // init event-handling","        ['change', 'click', 'keyup'].forEach(function (event) {","            Array.from(document.querySelectorAll('.on' + event)).forEach(function (element) {","                element.addEventListener(event, local.testRunBrowser);","            });","        });","        // run tests","        local.testRunBrowser();","        break;","","","","    // run node js-env code - post-init","    /* istanbul ignore next */","    case 'node':","        // export local","        module.exports = local;","        // require modules","        local.fs = require('fs');","        local.http = require('http');","        local.url = require('url');","        // init assets","        local.assetsDict = local.assetsDict || {};","        /* jslint-ignore-begin */","        local.assetsDict['/assets.index.template.html'] = '\\","<!doctype html>\\n\\","<html lang=\"en\">\\n\\","<head>\\n\\","<meta charset=\"UTF-8\">\\n\\","<meta name=\"viewport\" content=\"width=device-width, initial-scale=1\">\\n\\","<title>{{env.npm_package_name}} (v{{env.npm_package_version}})</title>\\n\\","<style>\\n\\","/*csslint\\n\\","    box-sizing: false,\\n\\","    universal-selector: false\\n\\","*/\\n\\","* {\\n\\","    box-sizing: border-box;\\n\\","}\\n\\","body {\\n\\","    background: #dde;\\n\\","    font-family: Arial, Helvetica, sans-serif;\\n\\","    margin: 2rem;\\n\\","}\\n\\","body > * {\\n\\","    margin-bottom: 1rem;\\n\\","}\\n\\",".utility2FooterDiv {\\n\\","    margin-top: 20px;\\n\\","    text-align: center;\\n\\","}\\n\\","</style>\\n\\","<style>\\n\\","/*csslint\\n\\","*/\\n\\","textarea {\\n\\","    font-family: monospace;\\n\\","    height: 10rem;\\n\\","    width: 100%;\\n\\","}\\n\\","textarea[readonly] {\\n\\","    background: #ddd;\\n\\","}\\n\\","</style>\\n\\","</head>\\n\\","<body>\\n\\","<!-- utility2-comment\\n\\","<div id=\"ajaxProgressDiv1\" style=\"background: #d00; height: 2px; left: 0; margin: 0; padding: 0; position: fixed; top: 0; transition: background 0.5s, width 1.5s; width: 25%;\"></div>\\n\\","utility2-comment -->\\n\\","<h1>\\n\\","<!-- utility2-comment\\n\\","    <a\\n\\","        {{#if env.npm_package_homepage}}\\n\\","        href=\"{{env.npm_package_homepage}}\"\\n\\","        {{/if env.npm_package_homepage}}\\n\\","        target=\"_blank\"\\n\\","    >\\n\\","utility2-comment -->\\n\\","        {{env.npm_package_name}} (v{{env.npm_package_version}})\\n\\","<!-- utility2-comment\\n\\","    </a>\\n\\","utility2-comment -->\\n\\","</h1>\\n\\","<h3>{{env.npm_package_description}}</h3>\\n\\","<!-- utility2-comment\\n\\","<h4><a download href=\"assets.app.js\">download standalone app</a></h4>\\n\\","<button class=\"onclick onreset\" id=\"testRunButton1\">run internal test</button><br>\\n\\","<div id=\"testReportDiv1\" style=\"display: none;\"></div>\\n\\","utility2-comment -->\\n\\","\\n\\","\\n\\","\\n\\","<label>stderr and stdout</label>\\n\\","<textarea class=\"resettable\" id=\"outputTextareaStdout1\" readonly></textarea>\\n\\","<!-- utility2-comment\\n\\","{{#if isRollup}}\\n\\","<script src=\"assets.app.js\"></script>\\n\\","{{#unless isRollup}}\\n\\","utility2-comment -->\\n\\","<script src=\"assets.utility2.rollup.js\"></script>\\n\\","<script src=\"jsonp.utility2._stateInit?callback=window.utility2._stateInit\"></script>\\n\\","<script src=\"assets.npmtest_st.rollup.js\"></script>\\n\\","<script src=\"assets.example.js\"></script>\\n\\","<script src=\"assets.test.js\"></script>\\n\\","<!-- utility2-comment\\n\\","{{/if isRollup}}\\n\\","utility2-comment -->\\n\\","<div class=\"utility2FooterDiv\">\\n\\","    [ this app was created with\\n\\","    <a href=\"https://github.com/kaizhu256/node-utility2\" target=\"_blank\">utility2</a>\\n\\","    ]\\n\\","</div>\\n\\","</body>\\n\\","</html>\\n\\","';","        /* jslint-ignore-end */","        if (local.templateRender) {","            local.assetsDict['/'] = local.templateRender(","                local.assetsDict['/assets.index.template.html'],","                {","                    env: local.objectSetDefault(local.env, {","                        npm_package_description: 'the greatest app in the world!',","                        npm_package_name: 'my-app',","                        npm_package_nameAlias: 'my_app',","                        npm_package_version: '0.0.1'","                    })","                }","            );","        } else {","            local.assetsDict['/'] = local.assetsDict['/assets.index.template.html']","                .replace((/\\{\\{env\\.(\\w+?)\\}\\}/g), function (match0, match1) {","                    // jslint-hack","                    String(match0);","                    switch (match1) {","                    case 'npm_package_description':","                        return 'the greatest app in the world!';","                    case 'npm_package_name':","                        return 'my-app';","                    case 'npm_package_nameAlias':","                        return 'my_app';","                    case 'npm_package_version':","                        return '0.0.1';","                    }","                });","        }","        // run the cli","        if (local.global.utility2_rollup || module !== require.main) {","            break;","        }","        local.assetsDict['/assets.example.js'] =","            local.assetsDict['/assets.example.js'] ||","            local.fs.readFileSync(__filename, 'utf8');","        // bug-workaround - long $npm_package_buildCustomOrg","        /* jslint-ignore-begin */","        local.assetsDict['/assets.npmtest_st.rollup.js'] =","            local.assetsDict['/assets.npmtest_st.rollup.js'] ||","            local.fs.readFileSync(","                local.npmtest_st.__dirname + '/lib.npmtest_st.js',","                'utf8'","            ).replace((/^#!/), '//');","        /* jslint-ignore-end */","        local.assetsDict['/favicon.ico'] = local.assetsDict['/favicon.ico'] || '';","        // if $npm_config_timeout_exit exists,","        // then exit this process after $npm_config_timeout_exit ms","        if (Number(process.env.npm_config_timeout_exit)) {","            setTimeout(process.exit, Number(process.env.npm_config_timeout_exit));","        }","        // start server","        if (local.global.utility2_serverHttp1) {","            break;","        }","        process.env.PORT = process.env.PORT || '8081';","        console.error('server starting on port ' + process.env.PORT);","        local.http.createServer(function (request, response) {","            request.urlParsed = local.url.parse(request.url);","            if (local.assetsDict[request.urlParsed.pathname] !== undefined) {","                response.end(local.assetsDict[request.urlParsed.pathname]);","                return;","            }","            response.statusCode = 404;","            response.end();","        }).listen(process.env.PORT);","        break;","    }","}());",""],"l":{"26":2,"28":2,"33":2,"35":2,"37":2,"38":2,"39":2,"44":1,"51":2,"55":2,"59":2,"61":2,"69":1,"70":2,"76":2,"79":2,"82":2,"83":2,"85":1,"89":2,"92":1,"93":1,"94":1,"96":1,"97":1,"100":1,"101":1,"103":1,"106":1,"108":2,"114":1,"116":1,"118":1,"123":1,"124":2,"125":2,"126":3,"127":3,"128":3,"129":3,"130":1,"133":3,"134":3,"139":3,"143":1,"144":3,"145":1,"149":1,"150":1,"158":1,"160":1,"161":1,"162":1,"164":1,"166":1,"258":1,"259":1,"271":1,"274":6,"275":6,"277":1,"279":2,"281":1,"283":2,"288":1,"289":1,"291":1,"296":1,"303":1,"306":1,"307":1,"310":1,"311":1,"313":1,"314":1,"315":1,"316":1,"317":1,"318":1,"319":1,"321":1,"322":1,"324":1}},"/home/travis/build/npmtest/node-npmtest-st/node_modules/st/st.js":{"path":"/home/travis/build/npmtest/node-npmtest-st/node_modules/st/st.js","s":{"1":1,"2":1,"3":1,"4":1,"5":1,"6":1,"7":1,"8":0,"9":1,"10":1,"11":1,"12":1,"13":1,"14":1,"15":1,"16":1,"17":1,"18":0,"19":0,"20":0,"21":1,"22":1,"23":1,"24":0,"25":0,"26":0,"27":0,"28":0,"29":1,"30":0,"31":1,"32":1,"33":1,"34":1,"35":0,"36":1,"37":1,"38":1,"39":1,"40":0,"41":1,"42":0,"43":1,"44":1,"45":1,"46":1,"47":1,"48":1,"49":1,"50":1,"51":0,"52":1,"53":0,"54":1,"55":0,"56":1,"57":1,"58":1,"59":1,"60":1,"61":1,"62":1,"63":1,"64":1,"65":0,"66":1,"67":1,"68":1,"69":5,"70":1,"71":0,"72":1,"73":0,"74":1,"75":1,"76":1,"77":1,"78":1,"79":1,"80":1,"81":1,"82":1,"83":1,"84":0,"85":0,"86":0,"87":0,"88":0,"89":0,"90":0,"91":0,"92":0,"93":0,"94":0,"95":0,"96":0,"97":0,"98":0,"99":0,"100":0,"101":0,"102":1,"103":0,"104":0,"105":0,"106":0,"107":0,"108":0,"109":1,"110":0,"111":0,"112":0,"113":0,"114":0,"115":0,"116":0,"117":0,"118":0,"119":0,"120":0,"121":0,"122":0,"123":0,"124":0,"125":0,"126":0,"127":0,"128":0,"129":0,"130":0,"131":0,"132":0,"133":0,"134":0,"135":0,"136":0,"137":0,"138":0,"139":0,"140":0,"141":0,"142":0,"143":0,"144":0,"145":0,"146":0,"147":0,"148":0,"149":0,"150":0,"151":0,"152":0,"153":0,"154":0,"155":0,"156":0,"157":0,"158":0,"159":0,"160":0,"161":0,"162":0,"163":0,"164":1,"165":0,"166":0,"167":0,"168":0,"169":0,"170":1,"171":0,"172":0,"173":0,"174":0,"175":0,"176":0,"177":0,"178":0,"179":1,"180":0,"181":0,"182":0,"183":0,"184":0,"185":0,"186":0,"187":0,"188":0,"189":0,"190":0,"191":0,"192":1,"193":0,"194":0,"195":0,"196":0,"197":0,"198":0,"199":0,"200":0,"201":1,"202":0,"203":0,"204":0,"205":0,"206":0,"207":0,"208":0,"209":0,"210":0,"211":0,"212":0,"213":0,"214":0,"215":0,"216":1,"217":0,"218":0,"219":0,"220":0,"221":0,"222":0,"223":0,"224":0,"225":0,"226":0,"227":0,"228":0,"229":0,"230":0,"231":0,"232":0,"233":0,"234":0,"235":0,"236":0,"237":0,"238":0,"239":0,"240":0,"241":0,"242":0,"243":0,"244":0,"245":0,"246":0,"247":0,"248":0,"249":0,"250":0,"251":0,"252":0,"253":0,"254":0,"255":0,"256":0,"257":1,"258":0,"259":0,"260":0,"261":0,"262":0,"263":0,"264":0,"265":0,"266":0,"267":0,"268":0,"269":0,"270":0,"271":0,"272":0,"273":0,"274":0,"275":0,"276":0,"277":0,"278":0,"279":0,"280":0,"281":0,"282":1,"283":0,"284":0,"285":0,"286":0,"287":0,"288":0,"289":0,"290":0,"291":0,"292":0,"293":0,"294":0,"295":0,"296":0,"297":0,"298":0,"299":0,"300":0,"301":0,"302":0,"303":1,"304":0,"305":0,"306":1,"307":0,"308":0,"309":0,"310":0,"311":0,"312":0,"313":0,"314":0,"315":0,"316":0,"317":1,"318":0,"319":1,"320":0,"321":1,"322":0,"323":0,"324":0,"325":0,"326":0},"b":{"1":[0,1],"2":[0,0],"3":[0,1],"4":[1,0],"5":[0,1],"6":[1,0],"7":[0,1],"8":[0,1],"9":[0,1],"10":[0,1],"11":[0,1],"12":[0,1],"13":[0,1],"14":[0,1],"15":[0,1],"16":[0,1],"17":[0,5],"18":[0,1],"19":[0,1],"20":[0,0],"21":[0,0],"22":[0,0],"23":[0,0],"24":[0,0],"25":[0,0],"26":[0,0],"27":[0,0],"28":[0,0],"29":[0,0],"30":[0,0],"31":[0,0,0],"32":[0,0],"33":[0,0],"34":[0,0,0],"35":[0,0],"36":[0,0],"37":[0,0,0],"38":[0,0],"39":[0,0],"40":[0,0,0],"41":[0,0],"42":[0,0],"43":[0,0],"44":[0,0],"45":[0,0],"46":[0,0],"47":[0,0],"48":[0,0],"49":[0,0],"50":[0,0],"51":[0,0],"52":[0,0],"53":[0,0],"54":[0,0],"55":[0,0],"56":[0,0],"57":[0,0],"58":[0,0],"59":[0,0],"60":[0,0],"61":[0,0],"62":[0,0],"63":[0,0],"64":[0,0],"65":[0,0],"66":[0,0],"67":[0,0],"68":[0,0],"69":[0,0,0],"70":[0,0],"71":[0,0],"72":[0,0],"73":[0,0],"74":[0,0],"75":[0,0],"76":[0,0],"77":[0,0],"78":[0,0],"79":[0,0],"80":[0,0],"81":[0,0],"82":[0,0],"83":[0,0],"84":[0,0],"85":[0,0],"86":[0,0],"87":[0,0],"88":[0,0],"89":[0,0],"90":[0,0],"91":[0,0],"92":[0,0],"93":[0,0],"94":[0,0],"95":[0,0],"96":[0,0],"97":[0,0]},"f":{"1":0,"2":0,"3":0,"4":1,"5":1,"6":0,"7":1,"8":5,"9":0,"10":0,"11":0,"12":0,"13":0,"14":0,"15":0,"16":0,"17":0,"18":0,"19":0,"20":0,"21":0,"22":0,"23":0,"24":0,"25":0,"26":0,"27":0,"28":0,"29":0,"30":0,"31":0,"32":0,"33":0,"34":0,"35":0,"36":0,"37":0,"38":0,"39":0,"40":0,"41":0},"fnMap":{"1":{"name":"(anonymous_1)","line":34,"loc":{"start":{"line":34,"column":12},"end":{"line":34,"column":25}}},"2":{"name":"(anonymous_2)","line":41,"loc":{"start":{"line":41,"column":12},"end":{"line":41,"column":25}}},"3":{"name":"(anonymous_3)","line":48,"loc":{"start":{"line":48,"column":12},"end":{"line":48,"column":25}}},"4":{"name":"st","line":55,"loc":{"start":{"line":55,"column":0},"end":{"line":55,"column":18}}},"5":{"name":"Mount","line":85,"loc":{"start":{"line":85,"column":0},"end":{"line":85,"column":21}}},"6":{"name":"(anonymous_6)","line":121,"loc":{"start":{"line":121,"column":29},"end":{"line":121,"column":40}}},"7":{"name":"(anonymous_7)","line":132,"loc":{"start":{"line":132,"column":34},"end":{"line":132,"column":49}}},"8":{"name":"(anonymous_8)","line":134,"loc":{"start":{"line":134,"column":12},"end":{"line":134,"column":27}}},"9":{"name":"(anonymous_9)","line":168,"loc":{"start":{"line":168,"column":26},"end":{"line":168,"column":39}}},"10":{"name":"(anonymous_10)","line":210,"loc":{"start":{"line":210,"column":25},"end":{"line":210,"column":38}}},"11":{"name":"(anonymous_11)","line":218,"loc":{"start":{"line":218,"column":24},"end":{"line":218,"column":50}}},"12":{"name":"(anonymous_12)","line":247,"loc":{"start":{"line":247,"column":23},"end":{"line":247,"column":41}}},"13":{"name":"(anonymous_13)","line":264,"loc":{"start":{"line":264,"column":34},"end":{"line":264,"column":54}}},"14":{"name":"(anonymous_14)","line":321,"loc":{"start":{"line":321,"column":24},"end":{"line":321,"column":43}}},"15":{"name":"(anonymous_15)","line":336,"loc":{"start":{"line":336,"column":24},"end":{"line":336,"column":47}}},"16":{"name":"(anonymous_16)","line":348,"loc":{"start":{"line":348,"column":28},"end":{"line":348,"column":51}}},"17":{"name":"(anonymous_17)","line":356,"loc":{"start":{"line":356,"column":26},"end":{"line":356,"column":46}}},"18":{"name":"(anonymous_18)","line":367,"loc":{"start":{"line":367,"column":23},"end":{"line":367,"column":67}}},"19":{"name":"(anonymous_19)","line":384,"loc":{"start":{"line":384,"column":29},"end":{"line":384,"column":64}}},"20":{"name":"(anonymous_20)","line":388,"loc":{"start":{"line":388,"column":30},"end":{"line":388,"column":53}}},"21":{"name":"(anonymous_21)","line":404,"loc":{"start":{"line":404,"column":29},"end":{"line":404,"column":73}}},"22":{"name":"(anonymous_22)","line":407,"loc":{"start":{"line":407,"column":19},"end":{"line":407,"column":31}}},"23":{"name":"(anonymous_23)","line":420,"loc":{"start":{"line":420,"column":21},"end":{"line":420,"column":33}}},"24":{"name":"(anonymous_24)","line":441,"loc":{"start":{"line":441,"column":19},"end":{"line":441,"column":31}}},"25":{"name":"(anonymous_25)","line":452,"loc":{"start":{"line":452,"column":21},"end":{"line":452,"column":33}}},"26":{"name":"(anonymous_26)","line":476,"loc":{"start":{"line":476,"column":29},"end":{"line":476,"column":46}}},"27":{"name":"(anonymous_27)","line":493,"loc":{"start":{"line":493,"column":28},"end":{"line":493,"column":48}}},"28":{"name":"(anonymous_28)","line":499,"loc":{"start":{"line":499,"column":26},"end":{"line":499,"column":39}}},"29":{"name":"(anonymous_29)","line":519,"loc":{"start":{"line":519,"column":12},"end":{"line":519,"column":28}}},"30":{"name":"(anonymous_30)","line":525,"loc":{"start":{"line":525,"column":15},"end":{"line":525,"column":31}}},"31":{"name":"(anonymous_31)","line":538,"loc":{"start":{"line":538,"column":31},"end":{"line":538,"column":48}}},"32":{"name":"(anonymous_32)","line":541,"loc":{"start":{"line":541,"column":16},"end":{"line":541,"column":37}}},"33":{"name":"(anonymous_33)","line":543,"loc":{"start":{"line":543,"column":25},"end":{"line":543,"column":38}}},"34":{"name":"(anonymous_34)","line":549,"loc":{"start":{"line":549,"column":18},"end":{"line":549,"column":34}}},"35":{"name":"(anonymous_35)","line":551,"loc":{"start":{"line":551,"column":30},"end":{"line":551,"column":50}}},"36":{"name":"next","line":560,"loc":{"start":{"line":560,"column":2},"end":{"line":560,"column":19}}},"37":{"name":"(anonymous_37)","line":565,"loc":{"start":{"line":565,"column":28},"end":{"line":565,"column":47}}},"38":{"name":"(anonymous_38)","line":571,"loc":{"start":{"line":571,"column":17},"end":{"line":571,"column":37}}},"39":{"name":"(anonymous_39)","line":581,"loc":{"start":{"line":581,"column":31},"end":{"line":581,"column":43}}},"40":{"name":"getEtag","line":588,"loc":{"start":{"line":588,"column":0},"end":{"line":588,"column":21}}},"41":{"name":"getGz","line":592,"loc":{"start":{"line":592,"column":0},"end":{"line":592,"column":23}}}},"statementMap":{"1":{"start":{"line":1,"column":0},"end":{"line":1,"column":19}},"2":{"start":{"line":3,"column":0},"end":{"line":3,"column":16}},"3":{"start":{"line":5,"column":0},"end":{"line":5,"column":26}},"4":{"start":{"line":6,"column":0},"end":{"line":6,"column":26}},"5":{"start":{"line":7,"column":0},"end":{"line":7,"column":6}},"6":{"start":{"line":8,"column":0},"end":{"line":12,"column":1}},"7":{"start":{"line":9,"column":2},"end":{"line":9,"column":29}},"8":{"start":{"line":11,"column":2},"end":{"line":11,"column":20}},"9":{"start":{"line":13,"column":0},"end":{"line":13,"column":24}},"10":{"start":{"line":14,"column":0},"end":{"line":14,"column":26}},"11":{"start":{"line":15,"column":0},"end":{"line":15,"column":31}},"12":{"start":{"line":16,"column":0},"end":{"line":16,"column":26}},"13":{"start":{"line":17,"column":0},"end":{"line":17,"column":31}},"14":{"start":{"line":18,"column":0},"end":{"line":18,"column":26}},"15":{"start":{"line":19,"column":0},"end":{"line":19,"column":22}},"16":{"start":{"line":20,"column":0},"end":{"line":20,"column":22}},"17":{"start":{"line":23,"column":0},"end":{"line":53,"column":1}},"18":{"start":{"line":35,"column":6},"end":{"line":35,"column":21}},"19":{"start":{"line":42,"column":6},"end":{"line":42,"column":21}},"20":{"start":{"line":49,"column":6},"end":{"line":49,"column":21}},"21":{"start":{"line":55,"column":0},"end":{"line":83,"column":1}},"22":{"start":{"line":56,"column":2},"end":{"line":56,"column":10}},"23":{"start":{"line":57,"column":2},"end":{"line":64,"column":3}},"24":{"start":{"line":58,"column":4},"end":{"line":58,"column":11}},"25":{"start":{"line":59,"column":4},"end":{"line":59,"column":22}},"26":{"start":{"line":60,"column":4},"end":{"line":63,"column":5}},"27":{"start":{"line":61,"column":6},"end":{"line":61,"column":13}},"28":{"start":{"line":62,"column":6},"end":{"line":62,"column":24}},"29":{"start":{"line":66,"column":2},"end":{"line":67,"column":34}},"30":{"start":{"line":66,"column":12},"end":{"line":66,"column":20}},"31":{"start":{"line":67,"column":7},"end":{"line":67,"column":34}},"32":{"start":{"line":69,"column":2},"end":{"line":69,"column":22}},"33":{"start":{"line":69,"column":10},"end":{"line":69,"column":22}},"34":{"start":{"line":70,"column":2},"end":{"line":70,"column":65}},"35":{"start":{"line":70,"column":29},"end":{"line":70,"column":65}},"36":{"start":{"line":71,"column":2},"end":{"line":71,"column":21}},"37":{"start":{"line":72,"column":2},"end":{"line":72,"column":21}},"38":{"start":{"line":72,"column":10},"end":{"line":72,"column":21}},"39":{"start":{"line":73,"column":2},"end":{"line":73,"column":16}},"40":{"start":{"line":73,"column":10},"end":{"line":73,"column":16}},"41":{"start":{"line":74,"column":2},"end":{"line":74,"column":38}},"42":{"start":{"line":74,"column":27},"end":{"line":74,"column":38}},"43":{"start":{"line":76,"column":2},"end":{"line":76,"column":13}},"44":{"start":{"line":77,"column":2},"end":{"line":77,"column":14}},"45":{"start":{"line":79,"column":2},"end":{"line":79,"column":24}},"46":{"start":{"line":80,"column":2},"end":{"line":80,"column":26}},"47":{"start":{"line":81,"column":2},"end":{"line":81,"column":14}},"48":{"start":{"line":82,"column":2},"end":{"line":82,"column":11}},"49":{"start":{"line":85,"column":0},"end":{"line":116,"column":1}},"50":{"start":{"line":86,"column":2},"end":{"line":86,"column":50}},"51":{"start":{"line":86,"column":12},"end":{"line":86,"column":50}},"52":{"start":{"line":87,"column":2},"end":{"line":87,"column":65}},"53":{"start":{"line":87,"column":31},"end":{"line":87,"column":65}},"54":{"start":{"line":88,"column":2},"end":{"line":88,"column":53}},"55":{"start":{"line":88,"column":32},"end":{"line":88,"column":53}},"56":{"start":{"line":90,"column":2},"end":{"line":90,"column":16}},"57":{"start":{"line":91,"column":2},"end":{"line":91,"column":20}},"58":{"start":{"line":92,"column":2},"end":{"line":92,"column":22}},"59":{"start":{"line":93,"column":2},"end":{"line":95,"column":20}},"60":{"start":{"line":96,"column":2},"end":{"line":96,"column":19}},"61":{"start":{"line":99,"column":2},"end":{"line":99,"column":35}},"62":{"start":{"line":100,"column":2},"end":{"line":106,"column":3}},"63":{"start":{"line":108,"column":2},"end":{"line":115,"column":58}},"64":{"start":{"line":121,"column":0},"end":{"line":123,"column":2}},"65":{"start":{"line":122,"column":2},"end":{"line":122,"column":17}},"66":{"start":{"line":124,"column":0},"end":{"line":130,"column":1}},"67":{"start":{"line":132,"column":0},"end":{"line":165,"column":1}},"68":{"start":{"line":133,"column":2},"end":{"line":138,"column":7}},"69":{"start":{"line":135,"column":8},"end":{"line":137,"column":58}},"70":{"start":{"line":140,"column":2},"end":{"line":143,"column":10}},"71":{"start":{"line":141,"column":4},"end":{"line":141,"column":17}},"72":{"start":{"line":142,"column":7},"end":{"line":143,"column":10}},"73":{"start":{"line":143,"column":4},"end":{"line":143,"column":10}},"74":{"start":{"line":145,"column":2},"end":{"line":145,"column":29}},"75":{"start":{"line":149,"column":2},"end":{"line":155,"column":3}},"76":{"start":{"line":157,"column":2},"end":{"line":157,"column":50}},"77":{"start":{"line":158,"column":2},"end":{"line":158,"column":46}},"78":{"start":{"line":160,"column":2},"end":{"line":160,"column":41}},"79":{"start":{"line":161,"column":2},"end":{"line":161,"column":43}},"80":{"start":{"line":162,"column":2},"end":{"line":162,"column":47}},"81":{"start":{"line":163,"column":2},"end":{"line":163,"column":47}},"82":{"start":{"line":164,"column":2},"end":{"line":164,"column":10}},"83":{"start":{"line":168,"column":0},"end":{"line":207,"column":1}},"84":{"start":{"line":169,"column":2},"end":{"line":169,"column":31}},"85":{"start":{"line":172,"column":2},"end":{"line":172,"column":29}},"86":{"start":{"line":175,"column":2},"end":{"line":175,"column":33}},"87":{"start":{"line":178,"column":2},"end":{"line":178,"column":31}},"88":{"start":{"line":181,"column":2},"end":{"line":181,"column":27}},"89":{"start":{"line":183,"column":2},"end":{"line":187,"column":3}},"90":{"start":{"line":186,"column":4},"end":{"line":186,"column":14}},"91":{"start":{"line":189,"column":2},"end":{"line":189,"column":43}},"92":{"start":{"line":190,"column":2},"end":{"line":190,"column":45}},"93":{"start":{"line":190,"column":33},"end":{"line":190,"column":45}},"94":{"start":{"line":192,"column":2},"end":{"line":198,"column":3}},"95":{"start":{"line":193,"column":4},"end":{"line":193,"column":29}},"96":{"start":{"line":197,"column":4},"end":{"line":197,"column":16}},"97":{"start":{"line":202,"column":2},"end":{"line":202,"column":31}},"98":{"start":{"line":203,"column":2},"end":{"line":203,"column":38}},"99":{"start":{"line":203,"column":27},"end":{"line":203,"column":38}},"100":{"start":{"line":205,"column":2},"end":{"line":205,"column":29}},"101":{"start":{"line":206,"column":2},"end":{"line":206,"column":10}},"102":{"start":{"line":210,"column":0},"end":{"line":216,"column":1}},"103":{"start":{"line":211,"column":2},"end":{"line":211,"column":21}},"104":{"start":{"line":212,"column":2},"end":{"line":212,"column":46}},"105":{"start":{"line":212,"column":34},"end":{"line":212,"column":46}},"106":{"start":{"line":213,"column":2},"end":{"line":213,"column":48}},"107":{"start":{"line":214,"column":2},"end":{"line":214,"column":52}},"108":{"start":{"line":215,"column":2},"end":{"line":215,"column":10}},"109":{"start":{"line":218,"column":0},"end":{"line":319,"column":1}},"110":{"start":{"line":219,"column":2},"end":{"line":222,"column":3}},"111":{"start":{"line":220,"column":4},"end":{"line":220,"column":42}},"112":{"start":{"line":220,"column":36},"end":{"line":220,"column":42}},"113":{"start":{"line":221,"column":4},"end":{"line":221,"column":16}},"114":{"start":{"line":225,"column":2},"end":{"line":226,"column":43}},"115":{"start":{"line":226,"column":4},"end":{"line":226,"column":43}},"116":{"start":{"line":228,"column":2},"end":{"line":228,"column":33}},"117":{"start":{"line":233,"column":2},"end":{"line":236,"column":3}},"118":{"start":{"line":234,"column":4},"end":{"line":234,"column":42}},"119":{"start":{"line":234,"column":36},"end":{"line":234,"column":42}},"120":{"start":{"line":235,"column":4},"end":{"line":235,"column":16}},"121":{"start":{"line":240,"column":2},"end":{"line":244,"column":3}},"122":{"start":{"line":241,"column":4},"end":{"line":241,"column":24}},"123":{"start":{"line":242,"column":4},"end":{"line":242,"column":24}},"124":{"start":{"line":243,"column":4},"end":{"line":243,"column":15}},"125":{"start":{"line":247,"column":2},"end":{"line":316,"column":15}},"126":{"start":{"line":252,"column":4},"end":{"line":256,"column":5}},"127":{"start":{"line":253,"column":6},"end":{"line":254,"column":21}},"128":{"start":{"line":254,"column":8},"end":{"line":254,"column":21}},"129":{"start":{"line":255,"column":6},"end":{"line":255,"column":32}},"130":{"start":{"line":259,"column":4},"end":{"line":259,"column":30}},"131":{"start":{"line":262,"column":4},"end":{"line":262,"column":41}},"132":{"start":{"line":264,"column":4},"end":{"line":315,"column":17}},"133":{"start":{"line":265,"column":6},"end":{"line":271,"column":7}},"134":{"start":{"line":266,"column":8},"end":{"line":268,"column":9}},"135":{"start":{"line":267,"column":10},"end":{"line":267,"column":23}},"136":{"start":{"line":269,"column":8},"end":{"line":269,"column":13}},"137":{"start":{"line":270,"column":8},"end":{"line":270,"column":34}},"138":{"start":{"line":273,"column":6},"end":{"line":273,"column":42}},"139":{"start":{"line":275,"column":6},"end":{"line":283,"column":7}},"140":{"start":{"line":276,"column":8},"end":{"line":276,"column":13}},"141":{"start":{"line":277,"column":8},"end":{"line":282,"column":9}},"142":{"start":{"line":281,"column":10},"end":{"line":281,"column":23}},"143":{"start":{"line":285,"column":6},"end":{"line":285,"column":48}},"144":{"start":{"line":286,"column":6},"end":{"line":286,"column":44}},"145":{"start":{"line":286,"column":15},"end":{"line":286,"column":44}},"146":{"start":{"line":287,"column":6},"end":{"line":291,"column":7}},"147":{"start":{"line":288,"column":8},"end":{"line":288,"column":28}},"148":{"start":{"line":289,"column":8},"end":{"line":289,"column":17}},"149":{"start":{"line":290,"column":8},"end":{"line":290,"column":20}},"150":{"start":{"line":293,"column":6},"end":{"line":293,"column":30}},"151":{"start":{"line":294,"column":6},"end":{"line":298,"column":7}},"152":{"start":{"line":295,"column":8},"end":{"line":295,"column":28}},"153":{"start":{"line":296,"column":8},"end":{"line":296,"column":17}},"154":{"start":{"line":297,"column":8},"end":{"line":297,"column":20}},"155":{"start":{"line":301,"column":6},"end":{"line":302,"column":58}},"156":{"start":{"line":302,"column":8},"end":{"line":302,"column":58}},"157":{"start":{"line":303,"column":6},"end":{"line":303,"column":62}},"158":{"start":{"line":304,"column":6},"end":{"line":304,"column":33}},"159":{"start":{"line":306,"column":6},"end":{"line":310,"column":7}},"160":{"start":{"line":307,"column":8},"end":{"line":307,"column":57}},"161":{"start":{"line":308,"column":8},"end":{"line":309,"column":66}},"162":{"start":{"line":312,"column":6},"end":{"line":314,"column":53}},"163":{"start":{"line":318,"column":2},"end":{"line":318,"column":13}},"164":{"start":{"line":321,"column":0},"end":{"line":334,"column":1}},"165":{"start":{"line":322,"column":2},"end":{"line":325,"column":22}},"166":{"start":{"line":327,"column":2},"end":{"line":330,"column":3}},"167":{"start":{"line":329,"column":4},"end":{"line":329,"column":40}},"168":{"start":{"line":332,"column":2},"end":{"line":332,"column":45}},"169":{"start":{"line":333,"column":2},"end":{"line":333,"column":51}},"170":{"start":{"line":336,"column":0},"end":{"line":346,"column":1}},"171":{"start":{"line":337,"column":2},"end":{"line":339,"column":3}},"172":{"start":{"line":338,"column":4},"end":{"line":338,"column":38}},"173":{"start":{"line":340,"column":2},"end":{"line":344,"column":3}},"174":{"start":{"line":341,"column":4},"end":{"line":341,"column":48}},"175":{"start":{"line":341,"column":32},"end":{"line":341,"column":48}},"176":{"start":{"line":342,"column":4},"end":{"line":342,"column":28}},"177":{"start":{"line":343,"column":4},"end":{"line":343,"column":31}},"178":{"start":{"line":345,"column":2},"end":{"line":345,"column":29}},"179":{"start":{"line":348,"column":0},"end":{"line":364,"column":1}},"180":{"start":{"line":349,"column":2},"end":{"line":354,"column":3}},"181":{"start":{"line":350,"column":4},"end":{"line":350,"column":24}},"182":{"start":{"line":351,"column":4},"end":{"line":351,"column":46}},"183":{"start":{"line":352,"column":4},"end":{"line":352,"column":40}},"184":{"start":{"line":353,"column":4},"end":{"line":353,"column":10}},"185":{"start":{"line":356,"column":2},"end":{"line":363,"column":15}},"186":{"start":{"line":357,"column":4},"end":{"line":357,"column":38}},"187":{"start":{"line":357,"column":12},"end":{"line":357,"column":38}},"188":{"start":{"line":359,"column":4},"end":{"line":359,"column":24}},"189":{"start":{"line":360,"column":4},"end":{"line":360,"column":46}},"190":{"start":{"line":361,"column":4},"end":{"line":361,"column":48}},"191":{"start":{"line":362,"column":4},"end":{"line":362,"column":17}},"192":{"start":{"line":367,"column":0},"end":{"line":382,"column":1}},"193":{"start":{"line":368,"column":2},"end":{"line":368,"column":34}},"194":{"start":{"line":370,"column":2},"end":{"line":370,"column":39}},"195":{"start":{"line":371,"column":2},"end":{"line":373,"column":3}},"196":{"start":{"line":372,"column":4},"end":{"line":372,"column":37}},"197":{"start":{"line":376,"column":2},"end":{"line":381,"column":3}},"198":{"start":{"line":377,"column":4},"end":{"line":377,"column":9}},"199":{"start":{"line":378,"column":4},"end":{"line":378,"column":44}},"200":{"start":{"line":380,"column":4},"end":{"line":380,"column":53}},"201":{"start":{"line":384,"column":0},"end":{"line":402,"column":1}},"202":{"start":{"line":385,"column":2},"end":{"line":385,"column":34}},"203":{"start":{"line":386,"column":2},"end":{"line":386,"column":51}},"204":{"start":{"line":388,"column":2},"end":{"line":401,"column":15}},"205":{"start":{"line":389,"column":4},"end":{"line":389,"column":38}},"206":{"start":{"line":389,"column":12},"end":{"line":389,"column":38}},"207":{"start":{"line":390,"column":4},"end":{"line":390,"column":24}},"208":{"start":{"line":391,"column":4},"end":{"line":392,"column":43}},"209":{"start":{"line":392,"column":6},"end":{"line":392,"column":43}},"210":{"start":{"line":393,"column":4},"end":{"line":400,"column":5}},"211":{"start":{"line":394,"column":6},"end":{"line":394,"column":47}},"212":{"start":{"line":395,"column":6},"end":{"line":395,"column":56}},"213":{"start":{"line":396,"column":6},"end":{"line":396,"column":25}},"214":{"start":{"line":398,"column":6},"end":{"line":398,"column":53}},"215":{"start":{"line":399,"column":6},"end":{"line":399,"column":22}},"216":{"start":{"line":404,"column":0},"end":{"line":471,"column":1}},"217":{"start":{"line":405,"column":2},"end":{"line":405,"column":54}},"218":{"start":{"line":406,"column":2},"end":{"line":406,"column":48}},"219":{"start":{"line":407,"column":2},"end":{"line":407,"column":33}},"220":{"start":{"line":410,"column":2},"end":{"line":410,"column":37}},"221":{"start":{"line":411,"column":2},"end":{"line":411,"column":33}},"222":{"start":{"line":412,"column":2},"end":{"line":412,"column":58}},"223":{"start":{"line":413,"column":2},"end":{"line":413,"column":11}},"224":{"start":{"line":416,"column":2},"end":{"line":416,"column":52}},"225":{"start":{"line":416,"column":33},"end":{"line":416,"column":52}},"226":{"start":{"line":420,"column":2},"end":{"line":424,"column":4}},"227":{"start":{"line":421,"column":4},"end":{"line":421,"column":76}},"228":{"start":{"line":422,"column":4},"end":{"line":422,"column":24}},"229":{"start":{"line":423,"column":4},"end":{"line":423,"column":9}},"230":{"start":{"line":426,"column":2},"end":{"line":426,"column":50}},"231":{"start":{"line":426,"column":18},"end":{"line":426,"column":50}},"232":{"start":{"line":428,"column":2},"end":{"line":428,"column":22}},"233":{"start":{"line":430,"column":2},"end":{"line":439,"column":3}},"234":{"start":{"line":432,"column":4},"end":{"line":432,"column":45}},"235":{"start":{"line":433,"column":4},"end":{"line":433,"column":32}},"236":{"start":{"line":435,"column":4},"end":{"line":435,"column":63}},"237":{"start":{"line":435,"column":21},"end":{"line":435,"column":63}},"238":{"start":{"line":436,"column":4},"end":{"line":436,"column":20}},"239":{"start":{"line":437,"column":4},"end":{"line":438,"column":24}},"240":{"start":{"line":438,"column":6},"end":{"line":438,"column":24}},"241":{"start":{"line":441,"column":2},"end":{"line":443,"column":4}},"242":{"start":{"line":442,"column":4},"end":{"line":442,"column":25}},"243":{"start":{"line":445,"column":2},"end":{"line":470,"column":3}},"244":{"start":{"line":448,"column":4},"end":{"line":448,"column":17}},"245":{"start":{"line":452,"column":4},"end":{"line":458,"column":16}},"246":{"start":{"line":453,"column":6},"end":{"line":457,"column":7}},"247":{"start":{"line":454,"column":8},"end":{"line":454,"column":34}},"248":{"start":{"line":455,"column":8},"end":{"line":455,"column":45}},"249":{"start":{"line":456,"column":8},"end":{"line":456,"column":44}},"250":{"start":{"line":460,"column":4},"end":{"line":460,"column":36}},"251":{"start":{"line":461,"column":4},"end":{"line":461,"column":29}},"252":{"start":{"line":462,"column":4},"end":{"line":462,"column":14}},"253":{"start":{"line":464,"column":4},"end":{"line":464,"column":21}},"254":{"start":{"line":466,"column":4},"end":{"line":469,"column":5}},"255":{"start":{"line":467,"column":6},"end":{"line":467,"column":29}},"256":{"start":{"line":468,"column":6},"end":{"line":468,"column":24}},"257":{"start":{"line":476,"column":0},"end":{"line":536,"column":1}},"258":{"start":{"line":478,"column":2},"end":{"line":478,"column":58}},"259":{"start":{"line":479,"column":2},"end":{"line":483,"column":29}},"260":{"start":{"line":485,"column":2},"end":{"line":491,"column":38}},"261":{"start":{"line":493,"column":2},"end":{"line":535,"column":4}},"262":{"start":{"line":494,"column":4},"end":{"line":494,"column":25}},"263":{"start":{"line":494,"column":12},"end":{"line":494,"column":25}},"264":{"start":{"line":496,"column":4},"end":{"line":496,"column":19}},"265":{"start":{"line":497,"column":4},"end":{"line":497,"column":19}},"266":{"start":{"line":499,"column":4},"end":{"line":531,"column":6}},"267":{"start":{"line":500,"column":6},"end":{"line":500,"column":21}},"268":{"start":{"line":502,"column":6},"end":{"line":506,"column":33}},"269":{"start":{"line":508,"column":6},"end":{"line":508,"column":37}},"270":{"start":{"line":508,"column":26},"end":{"line":508,"column":37}},"271":{"start":{"line":509,"column":6},"end":{"line":509,"column":60}},"272":{"start":{"line":510,"column":6},"end":{"line":513,"column":45}},"273":{"start":{"line":515,"column":6},"end":{"line":515,"column":50}},"274":{"start":{"line":516,"column":6},"end":{"line":516,"column":55}},"275":{"start":{"line":517,"column":6},"end":{"line":518,"column":42}},"276":{"start":{"line":520,"column":6},"end":{"line":524,"column":14}},"277":{"start":{"line":526,"column":6},"end":{"line":526,"column":69}},"278":{"start":{"line":527,"column":6},"end":{"line":527,"column":76}},"279":{"start":{"line":528,"column":6},"end":{"line":530,"column":37}},"280":{"start":{"line":533,"column":4},"end":{"line":533,"column":37}},"281":{"start":{"line":534,"column":4},"end":{"line":534,"column":29}},"282":{"start":{"line":538,"column":0},"end":{"line":563,"column":1}},"283":{"start":{"line":539,"column":2},"end":{"line":539,"column":9}},"284":{"start":{"line":540,"column":2},"end":{"line":540,"column":10}},"285":{"start":{"line":541,"column":2},"end":{"line":558,"column":15}},"286":{"start":{"line":542,"column":4},"end":{"line":542,"column":25}},"287":{"start":{"line":542,"column":12},"end":{"line":542,"column":25}},"288":{"start":{"line":543,"column":4},"end":{"line":546,"column":17}},"289":{"start":{"line":544,"column":6},"end":{"line":545,"column":41}},"290":{"start":{"line":544,"column":25},"end":{"line":544,"column":46}},"291":{"start":{"line":545,"column":11},"end":{"line":545,"column":41}},"292":{"start":{"line":547,"column":4},"end":{"line":547,"column":22}},"293":{"start":{"line":548,"column":4},"end":{"line":548,"column":13}},"294":{"start":{"line":549,"column":4},"end":{"line":557,"column":17}},"295":{"start":{"line":550,"column":6},"end":{"line":550,"column":33}},"296":{"start":{"line":551,"column":6},"end":{"line":556,"column":19}},"297":{"start":{"line":552,"column":8},"end":{"line":552,"column":29}},"298":{"start":{"line":552,"column":16},"end":{"line":552,"column":29}},"299":{"start":{"line":553,"column":8},"end":{"line":553,"column":47}},"300":{"start":{"line":553,"column":32},"end":{"line":553,"column":47}},"301":{"start":{"line":554,"column":8},"end":{"line":554,"column":25}},"302":{"start":{"line":555,"column":8},"end":{"line":555,"column":14}},"303":{"start":{"line":560,"column":2},"end":{"line":562,"column":3}},"304":{"start":{"line":561,"column":4},"end":{"line":561,"column":35}},"305":{"start":{"line":561,"column":21},"end":{"line":561,"column":35}},"306":{"start":{"line":565,"column":0},"end":{"line":579,"column":1}},"307":{"star
[...]
e = '-'","        data[file] = stat","        next()","      }.bind(this))","    }.bind(this))","  }.bind(this))","","  function next () {","    if (--len === 0) cb(null, data)","  }","}","","Mount.prototype._loadStat = function (key, cb) {","  // key is either fd:path or just a path","  var fdp = key.match(/^(\\d+):(.*)/)","  if (fdp) {","    var fd = +fdp[1]","    var p = fdp[2]","    fs.fstat(fd, function (er, stat) {","      if (er) return cb(er)","      this.cache.stat.set(p, stat)","      cb(null, stat)","    }.bind(this))","  } else {","    fs.stat(key, cb)","  }","}","","Mount.prototype._loadContent = function () {","  // this function should never be called.","  // we check if the thing is in the cache, and if not, stream it in","  // manually.  this.cache.content.get() should not ever happen.","  throw new Error('This should not ever happen')","}","","function getEtag (s) {","  return '\"' + s.dev + '-' + s.ino + '-' + s.mtime.getTime() + '\"'","}","","function getGz (p,req) {","  var gz = false","  if (!/\\.t?gz$/.exec(p)) {","    var neg = req.negotiator || new Neg(req)","    gz = neg.preferredEncoding(['gzip', 'identity']) === 'gzip'","  }","  return gz","}",""],"l":{"1":1,"3":1,"5":1,"6":1,"7":1,"8":1,"9":1,"11":0,"13":1,"14":1,"15":1,"16":1,"17":1,"18":1,"19":1,"20":1,"23":1,"35":0,"42":0,"49":0,"55":1,"56":1,"57":1,"58":0,"59":0,"60":0,"61":0,"62":0,"66":1,"67":1,"69":1,"70":1,"71":1,"72":1,"73":1,"74":1,"76":1,"77":1,"79":1,"80":1,"81":1,"82":1,"85":1,"86":1,"87":1,"88":1,"90":1,"91":1,"92":1,"93":1,"96":1,"99":1,"100":1,"108":1,"121":1,"122":0,"124":1,"132":1,"133":1,"135":5,"140":1,"141":0,"142":1,"143":0,"145":1,"149":1,"157":1,"158":1,"160":1,"161":1,"162":1,"163":1,"164":1,"168":1,"169":0,"172":0,"175":0,"178":0,"181":0,"183":0,"186":0,"189":0,"190":0,"192":0,"193":0,"197":0,"202":0,"203":0,"205":0,"206":0,"210":1,"211":0,"212":0,"213":0,"214":0,"215":0,"218":1,"219":0,"220":0,"221":0,"225":0,"226":0,"228":0,"233":0,"234":0,"235":0,"240":0,"241":0,"242":0,"243":0,"247":0,"252":0,"253":0,"254":0,"255":0,"259":0,"262":0,"264":0,"265":0,"266":0,"267":0,"269":0,"270":0,"273":0,"275":0,"276":0,"277":0,"281":0,"285":0,"286":0,"287":0,"288":0,"289":0,"290":0,"293":0,"294":0,"295":0,"296":0,"297":0,"301":0,"302":0,"303":0,"304":0,"306":0,"307":0,"308":0,"312":0,"318":0,"321":1,"322":0,"327":0,"329":0,"332":0,"333":0,"336":1,"337":0,"338":0,"340":0,"341":0,"342":0,"343":0,"345":0,"348":1,"349":0,"350":0,"351":0,"352":0,"353":0,"356":0,"357":0,"359":0,"360":0,"361":0,"362":0,"367":1,"368":0,"370":0,"371":0,"372":0,"376":0,"377":0,"378":0,"380":0,"384":1,"385":0,"386":0,"388":0,"389":0,"390":0,"391":0,"392":0,"393":0,"394":0,"395":0,"396":0,"398":0,"399":0,"404":1,"405":0,"406":0,"407":0,"410":0,"411":0,"412":0,"413":0,"416":0,"420":0,"421":0,"422":0,"423":0,"426":0,"428":0,"430":0,"432":0,"433":0,"435":0,"436":0,"437":0,"438":0,"441":0,"442":0,"445":0,"448":0,"452":0,"453":0,"454":0,"455":0,"456":0,"460":0,"461":0,"462":0,"464":0,"466":0,"467":0,"468":0,"476":1,"478":0,"479":0,"485":0,"493":0,"494":0,"496":0,"497":0,"499":0,"500":0,"502":0,"508":0,"509":0,"510":0,"515":0,"516":0,"517":0,"520":0,"526":0,"527":0,"528":0,"533":0,"534":0,"538":1,"539":0,"540":0,"541":0,"542":0,"543":0,"544":0,"545":0,"547":0,"548":0,"549":0,"550":0,"551":0,"552":0,"553":0,"554":0,"555":0,"560":1,"561":0,"565":1,"567":0,"568":0,"569":0,"570":0,"571":0,"572":0,"573":0,"574":0,"577":0,"581":1,"585":0,"588":1,"589":0,"592":1,"593":0,"594":0,"595":0,"596":0,"598":0}},"/home/travis/build/npmtest/node-npmtest-st/node_modules/st/bin/server.js":{"path":"/home/travis/build/npmtest/node-npmtest-st/node_modules/st/bin/server.js","s":{"1":1,"2":1,"3":1,"4":1,"5":1,"6":1,"7":1,"8":1,"9":1,"10":1,"11":1,"12":1,"13":1,"14":0,"15":0,"16":0,"17":0,"18":0,"19":0,"20":0,"21":0,"22":0,"23":0,"24":0,"25":0,"26":0,"27":0,"28":0,"29":0,"30":0,"31":0,"32":0,"33":0,"34":0,"35":0,"36":0,"37":0,"38":0,"39":0,"40":0,"41":0,"42":0,"43":0,"44":0,"45":0,"46":0,"47":0,"48":0,"49":0,"50":0,"51":0,"52":0,"53":0,"54":0,"55":0,"56":0,"57":0,"58":0,"59":0,"60":1,"61":0,"62":1,"63":0,"64":1,"65":1,"66":0,"67":1,"68":0,"69":0,"70":1,"71":1,"72":0,"73":0,"74":0,"75":0,"76":0,"77":0,"78":0,"79":0,"80":0,"81":0,"82":0},"b":{"1":[1,0],"2":[0,0,0,0,0,0,0,0,0,0,0,0,0,0,0,0,0,0,0,0,0,0,0,0,0,0],"3":[0,0],"4":[0,0],"5":[0,0],"6":[0,0],"7":[0,0],"8":[0,0],"9":[0,0],"10":[0,0],"11":[0,0],"12":[0,0],"13":[0,1],"14":[0,1],"15":[0,1],"16":[0,0],"17":[0,0],"18":[0,0]},"f":{"1":0,"2":0,"3":0,"4":0},"fnMap":{"1":{"name":"help","line":103,"loc":{"start":{"line":103,"column":0},"end":{"line":103,"column":17}}},"2":{"name":"(anonymous_2)","line":164,"loc":{"start":{"line":164,"column":35},"end":{"line":164,"column":48}}},"3":{"name":"(anonymous_3)","line":173,"loc":{"start":{"line":173,"column":18},"end":{"line":173,"column":34}}},"4":{"name":"(anonymous_4)","line":177,"loc":{"start":{"line":177,"column":22},"end":{"line":177,"column":33}}}},"statementMap":{"1":{"start":{"line":2,"column":0},"end":{"line":2,"column":28}},"2":{"start":{"line":3,"column":0},"end":{"line":3,"column":26}},"3":{"start":{"line":4,"column":0},"end":{"line":4,"column":38}},"4":{"start":{"line":5,"column":0},"end":{"line":5,"column":20}},"5":{"start":{"line":6,"column":0},"end":{"line":6,"column":12}},"6":{"start":{"line":7,"column":0},"end":{"line":7,"column":13}},"7":{"start":{"line":8,"column":0},"end":{"line":8,"column":17}},"8":{"start":{"line":9,"column":0},"end":{"line":9,"column":15}},"9":{"start":{"line":10,"column":0},"end":{"line":10,"column":16}},"10":{"start":{"line":11,"column":0},"end":{"line":11,"column":16}},"11":{"start":{"line":12,"column":0},"end":{"line":12,"column":14}},"12":{"start":{"line":13,"column":0},"end":{"line":13,"column":16}},"13":{"start":{"line":15,"column":0},"end":{"line":101,"column":1}},"14":{"start":{"line":16,"column":2},"end":{"line":100,"column":3}},"15":{"start":{"line":19,"column":6},"end":{"line":19,"column":33}},"16":{"start":{"line":20,"column":6},"end":{"line":20,"column":11}},"17":{"start":{"line":24,"column":6},"end":{"line":24,"column":30}},"18":{"start":{"line":25,"column":6},"end":{"line":27,"column":7}},"19":{"start":{"line":26,"column":8},"end":{"line":26,"column":24}},"20":{"start":{"line":28,"column":6},"end":{"line":28,"column":11}},"21":{"start":{"line":32,"column":6},"end":{"line":32,"column":24}},"22":{"start":{"line":33,"column":6},"end":{"line":33,"column":11}},"23":{"start":{"line":37,"column":6},"end":{"line":37,"column":29}},"24":{"start":{"line":38,"column":6},"end":{"line":38,"column":11}},"25":{"start":{"line":42,"column":6},"end":{"line":42,"column":29}},"26":{"start":{"line":43,"column":6},"end":{"line":43,"column":11}},"27":{"start":{"line":47,"column":6},"end":{"line":47,"column":29}},"28":{"start":{"line":48,"column":6},"end":{"line":53,"column":7}},"29":{"start":{"line":48,"column":47},"end":{"line":48,"column":57}},"30":{"start":{"line":49,"column":11},"end":{"line":53,"column":7}},"31":{"start":{"line":49,"column":32},"end":{"line":49,"column":43}},"32":{"start":{"line":50,"column":11},"end":{"line":53,"column":7}},"33":{"start":{"line":51,"column":8},"end":{"line":51,"column":11}},"34":{"start":{"line":52,"column":8},"end":{"line":52,"column":18}},"35":{"start":{"line":54,"column":6},"end":{"line":54,"column":11}},"36":{"start":{"line":58,"column":6},"end":{"line":58,"column":17}},"37":{"start":{"line":59,"column":6},"end":{"line":59,"column":11}},"38":{"start":{"line":63,"column":6},"end":{"line":63,"column":31}},"39":{"start":{"line":64,"column":6},"end":{"line":64,"column":63}},"40":{"start":{"line":64,"column":51},"end":{"line":64,"column":63}},"41":{"start":{"line":65,"column":6},"end":{"line":65,"column":42}},"42":{"start":{"line":65,"column":29},"end":{"line":65,"column":42}},"43":{"start":{"line":66,"column":6},"end":{"line":69,"column":7}},"44":{"start":{"line":67,"column":8},"end":{"line":67,"column":11}},"45":{"start":{"line":68,"column":8},"end":{"line":68,"column":20}},"46":{"start":{"line":70,"column":6},"end":{"line":70,"column":11}},"47":{"start":{"line":74,"column":6},"end":{"line":74,"column":19}},"48":{"start":{"line":75,"column":6},"end":{"line":75,"column":11}},"49":{"start":{"line":79,"column":6},"end":{"line":79,"column":12}},"50":{"start":{"line":80,"column":6},"end":{"line":80,"column":21}},"51":{"start":{"line":84,"column":6},"end":{"line":84,"column":19}},"52":{"start":{"line":85,"column":6},"end":{"line":85,"column":11}},"53":{"start":{"line":89,"column":6},"end":{"line":89,"column":29}},"54":{"start":{"line":90,"column":6},"end":{"line":92,"column":7}},"55":{"start":{"line":91,"column":8},"end":{"line":91,"column":62}},"56":{"start":{"line":93,"column":6},"end":{"line":93,"column":16}},"57":{"start":{"line":94,"column":6},"end":{"line":94,"column":11}},"58":{"start":{"line":98,"column":6},"end":{"line":98,"column":18}},"59":{"start":{"line":99,"column":6},"end":{"line":99,"column":11}},"60":{"start":{"line":103,"column":0},"end":{"line":141,"column":1}},"61":{"start":{"line":104,"column":2},"end":{"line":140,"column":13}},"62":{"start":{"line":143,"column":0},"end":{"line":143,"column":55}},"63":{"start":{"line":143,"column":17},"end":{"line":143,"column":55}},"64":{"start":{"line":145,"column":0},"end":{"line":158,"column":1}},"65":{"start":{"line":160,"column":0},"end":{"line":169,"column":1}},"66":{"start":{"line":161,"column":2},"end":{"line":161,"column":19}},"67":{"start":{"line":163,"column":2},"end":{"line":167,"column":3}},"68":{"start":{"line":164,"column":4},"end":{"line":166,"column":6}},"69":{"start":{"line":165,"column":6},"end":{"line":165,"column":31}},"70":{"start":{"line":171,"column":0},"end":{"line":171,"column":19}},"71":{"start":{"line":173,"column":0},"end":{"line":187,"column":2}},"72":{"start":{"line":174,"column":2},"end":{"line":174,"column":25}},"73":{"start":{"line":174,"column":19},"end":{"line":174,"column":25}},"74":{"start":{"line":175,"column":2},"end":{"line":175,"column":20}},"75":{"start":{"line":176,"column":2},"end":{"line":176,"column":20}},"76":{"start":{"line":178,"column":2},"end":{"line":178,"column":27}},"77":{"start":{"line":179,"column":2},"end":{"line":179,"column":22}},"78":{"start":{"line":180,"column":2},"end":{"line":182,"column":3}},"79":{"start":{"line":181,"column":4},"end":{"line":181,"column":23}},"80":{"start":{"line":183,"column":2},"end":{"line":185,"column":3}},"81":{"start":{"line":184,"column":4},"end":{"line":184,"column":27}},"82":{"start":{"line":186,"column":2},"end":{"line":186,"column":57}}},"branchMap":{"1":{"line":4,"type":"binary-expr","locations":[{"start":{"line":4,"column":13},"end":{"line":4,"column":29}},{"start":{"line":4,"column":33},"end":{"line":4,"column":37}}]},"2":{"line":16,"type":"switch","locations":[{"start":{"line":17,"column":4},"end":{"line":17,"column":14}},{"start":{"line":18,"column":4},"end":{"line":20,"column":11}},{"start":{"line":22,"column":4},"end":{"line":22,"column":14}},{"start":{"line":23,"column":4},"end":{"line":28,"column":11}},{"start":{"line":30,"column":4},"end":{"line":30,"column":14}},{"start":{"line":31,"column":4},"end":{"line":33,"column":11}},{"start":{"line":35,"column":4},"end":{"line":35,"column":14}},{"start":{"line":36,"column":4},"end":{"line":38,"column":11}},{"start":{"line":40,"column":4},"end":{"line":40,"column":14}},{"start":{"line":41,"column":4},"end":{"line":43,"column":11}},{"start":{"line":45,"column":4},"end":{"line":45,"column":14}},{"start":{"line":46,"column":4},"end":{"line":54,"column":11}},{"start":{"line":56,"column":4},"end":{"line":56,"column":15}},{"start":{"line":57,"column":4},"end":{"line":59,"column":11}},{"start":{"line":61,"column":4},"end":{"line":61,"column":14}},{"start":{"line":62,"column":4},"end":{"line":70,"column":11}},{"start":{"line":72,"column":4},"end":{"line":72,"column":15}},{"start":{"line":73,"column":4},"end":{"line":75,"column":11}},{"start":{"line":77,"column":4},"end":{"line":77,"column":14}},{"start":{"line":78,"column":4},"end":{"line":80,"column":21}},{"start":{"line":82,"column":4},"end":{"line":82,"column":15}},{"start":{"line":83,"column":4},"end":{"line":85,"column":11}},{"start":{"line":87,"column":4},"end":{"line":87,"column":14}},{"start":{"line":88,"column":4},"end":{"line":94,"column":11}},{"start":{"line":96,"column":4},"end":{"line":96,"column":15}},{"start":{"line":97,"column":4},"end":{"line":99,"column":11}}]},"3":{"line":25,"type":"if","locations":[{"start":{"line":25,"column":6},"end":{"line":25,"column":6}},{"start":{"line":25,"column":6},"end":{"line":25,"column":6}}]},"4":{"line":48,"type":"if","locations":[{"start":{"line":48,"column":6},"end":{"line":48,"column":6}},{"start":{"line":48,"column":6},"end":{"line":48,"column":6}}]},"5":{"line":48,"type":"binary-expr","locations":[{"start":{"line":48,"column":10},"end":{"line":48,"column":27}},{"start":{"line":48,"column":31},"end":{"line":48,"column":45}}]},"6":{"line":49,"type":"if","locations":[{"start":{"line":49,"column":11},"end":{"line":49,"column":11}},{"start":{"line":49,"column":11},"end":{"line":49,"column":11}}]},"7":{"line":50,"type":"if","locations":[{"start":{"line":50,"column":11},"end":{"line":50,"column":11}},{"start":{"line":50,"column":11},"end":{"line":50,"column":11}}]},"8":{"line":64,"type":"if","locations":[{"start":{"line":64,"column":6},"end":{"line":64,"column":6}},{"start":{"line":64,"column":6},"end":{"line":64,"column":6}}]},"9":{"line":64,"type":"binary-expr","locations":[{"start":{"line":64,"column":10},"end":{"line":64,"column":29}},{"start":{"line":64,"column":33},"end":{"line":64,"column":49}}]},"10":{"line":65,"type":"if","locations":[{"start":{"line":65,"column":6},"end":{"line":65,"column":6}},{"start":{"line":65,"column":6},"end":{"line":65,"column":6}}]},"11":{"line":66,"type":"if","locations":[{"start":{"line":66,"column":6},"end":{"line":66,"column":6}},{"start":{"line":66,"column":6},"end":{"line":66,"column":6}}]},"12":{"line":90,"type":"if","locations":[{"start":{"line":90,"column":6},"end":{"line":90,"column":6}},{"start":{"line":90,"column":6},"end":{"line":90,"column":6}}]},"13":{"line":143,"type":"if","locations":[{"start":{"line":143,"column":0},"end":{"line":143,"column":0}},{"start":{"line":143,"column":0},"end":{"line":143,"column":0}}]},"14":{"line":160,"type":"if","locations":[{"start":{"line":160,"column":0},"end":{"line":160,"column":0}},{"start":{"line":160,"column":0},"end":{"line":160,"column":0}}]},"15":{"line":163,"type":"if","locations":[{"start":{"line":163,"column":2},"end":{"line":163,"column":2}},{"start":{"line":163,"column":2},"end":{"line":163,"column":2}}]},"16":{"line":174,"type":"if","locations":[{"start":{"line":174,"column":2},"end":{"line":174,"column":2}},{"start":{"line":174,"column":2},"end":{"line":174,"column":2}}]},"17":{"line":180,"type":"if","locations":[{"start":{"line":180,"column":2},"end":{"line":180,"column":2}},{"start":{"line":180,"column":2},"end":{"line":180,"column":2}}]},"18":{"line":183,"type":"if","locations":[{"start":{"line":183,"column":2},"end":{"line":183,"column":2}},{"start":{"line":183,"column":2},"end":{"line":183,"column":2}}]}},"code":["//#!/usr/bin/env node","var st = require('../st.js')","var http = require('http')","var port = +(process.env.PORT || 1337)","var host = undefined","var dir = ''","var url = '/'","var cacheSize = 0","var dot = false","var index = true","var cache = true","var age = null","var cors = false","","for (var i = 2; i < process.argv.length; i++) {","  switch (process.argv[i]) {","    case '-p':","    case '--port':","      port = +(process.argv[++i])","      break","","    case '-H':","    case '--host':","      host = process.argv[++i]","      if (host === '*') {","        host = undefined","      }","      break","","    case '-l':","    case '--localhost':","      host = 'localhost'","      break","","    case '-d':","    case '--dir':","      dir = process.argv[++i]","      break","","    case '-u':","    case '--url':","      url = process.argv[++i]","      break","","    case '-.':","    case '--dot':","      dot = process.argv[++i]","      if (dot === undefined || dot === 'true') dot = true","      else if (dot === 'false') dot = false","      else if (dot.charAt(0) === '-') {","        --i","        dot = true","      }","      break","","    case '-n.':","    case '--no-dot':","      dot = false","      break","","    case '-i':","    case '--index':","      index = process.argv[++i]","      if (index === undefined || index === 'true') index = true","      if (index === 'false') index = false","      if (index.charAt(0) === '-') {","        --i","        index = true","      }","      break","","    case '-ni':","    case '--no-index':","      index = false","      break","","    case '-h':","    case '--help':","      help()","      process.exit(0)","","    case '-nc':","    case '--no-cache':","      cache = false","      break","","    case '-a':","    case '--age':","      age = process.argv[++i]","      if (isNaN(age)) {","        throw new Error('invalid age: ' + JSON.stringify(age))","      }","      age = +age","      break","","    case '-co':","    case '--cors':","      cors = true;","      break","  }","}","","function help () {","  console.log(","['st'",",'Static file server in node'",",''",",'Options:'",",''",",'-h --help             Show this help'",",''",",'-p --port PORT        Listen on PORT (default=1337)'",",''",",'-H --host HOST        Bind address HOST (default=*)'",",''",",'-l --localhost        Same as \"--host localhost\"'",",''",",'-d --dir DIRECTORY    Serve the contents of DIRECTORY (default=cwd)'",",''",",'-u --url /url         Serve at this mount url (default=/)'",",''",",'-i --index [INDEX]    Use the specified INDEX filename as the result'",",'                      when a directory is requested.  Set to \"true\"'",",'                      to turn autoindexing on, or \"false\" to turn it'",",'                      off.  If no INDEX is provided, then it will turn'",",'                      autoindexing on.  (default=true)'",",''",",'-ni --no-index        Same as \"--index false\"'",",''",",'-. --dot [DOT]        Allow .files to be served.  Set to \"false\" to'",",'                      disable.'",",''",",'-n. --no-dot          Same as \"--dot false\"'",",''",",'-co --cors            Enable CORS to serve files to any domain.'",",''",",'-nc --no-cache        Turn off all caching.'",",''",",'-a --age AGE          Max age (in ms) of cache entries.'","].join('\\n'))","}","","if (isNaN(port)) throw new Error('invalid port: '+port)","","var opt = {","  path: dir,","  url: url,","  index: index,","  dot: dot,","  cache: {","    fd: {},","    stat: {},","    index: {},","    readdir: {},","    content: {}","  },","  cors: cors","}","","if (cache === false) {","  opt.cache = false","} else {","  if (age) {","    Object.keys(opt.cache).forEach(function (k) {","      opt.cache[k].maxAge = age","    })","  }","  // maybe other cache-manipulating CLI flags?","}","","var mount = st(opt)","","http.createServer(function (q, s) {","  if (mount(q, s)) return","  s.statusCode = 404","  s.end('not found')","}).listen(port, host, function() {","  var addr = this.address()","  var port = addr.port","  if (!host) {","    host = addr.address","  }","  if (/:/.test(host)) {","    host = '[' + host + ']'","  }","  console.log('listening at http://' + host + ':' + port)","})",""],"l":{"2":1,"3":1,"4":1,"5":1,"6":1,"7":1,"8":1,"9":1,"10":1,"11":1,"12":1,"13":1,"15":1,"16":0,"19":0,"20":0,"24":0,"25":0,"26":0,"28":0,"32":0,"33":0,"37":0,"38":0,"42":0,"43":0,"47":0,"48":0,"49":0,"50":0,"51":0,"52":0,"54":0,"58":0,"59":0,"63":0,"64":0,"65":0,"66":0,"67":0,"68":0,"70":0,"74":0,"75":0,"79":0,"80":0,"84":0,"85":0,"89":0,"90":0,"91":0,"93":0,"94":0,"98":0,"99":0,"103":1,"104":0,"143":1,"145":1,"160":1,"161":0,"163":1,"164":0,"165":0,"171":1,"173":1,"174":0,"175":0,"176":0,"178":0,"179":0,"180":0,"181":0,"183":0,"184":0,"186":0}}}